2019-07-22T08:37:02+00:00 CRITICAL Uncaught Symfony\Component\Debug\Exception\FatalThrowableError: syntax error, unexpected end of file, expecting elseif (T_ELSEIF) or else (T_ELSE) or endif (T_ENDIF) in /Users/ivaylosholekov/Sites/personal/fruitaway/web/app/uploads/cache/4efd2544ba4df4718f2ab76521c2d313bbfdf54b.php:43
Stack trace:
#0 /Users/ivaylosholekov/Sites/personal/fruitaway/web/app/themes/sage/vendor/illuminate/view/Engines/CompilerEngine.php(59): Illuminate\View\Engines\PhpEngine->evaluatePath('/Users/ivaylosh...', Array)
#1 /Users/ivaylosholekov/Sites/personal/fruitaway/web/app/themes/sage/vendor/illuminate/view/View.php(142): Illuminate\View\Engines\CompilerEngine->get('/Users/ivaylosh...', Array)
#2 /Users/ivaylosholekov/Sites/personal/fruitaway/web/app/themes/sage/vendor/illuminate/view/View.php(125): Illuminate\View\View->getContents()
#3 /Users/ivaylosholekov/Sites/personal/fruitaway/web/app/themes/sage/vendor/illuminate/view/View.php(90): Illuminate\View\View->renderContents()
#4 /Users/ivaylosholekov/Sites/personal/fruitaway/we in /Users/ivaylosholekov/Sites/personal/fruitaway/web/app/uploads/cache/4efd2544ba4df4718f2ab76521c2d313bbfdf54b.php on line 43

2019-07-22T08:37:04+00:00 CRITICAL Uncaught Symfony\Component\Debug\Exception\FatalThrowableError: syntax error, unexpected end of file, expecting elseif (T_ELSEIF) or else (T_ELSE) or endif (T_ENDIF) in /Users/ivaylosholekov/Sites/personal/fruitaway/web/app/uploads/cache/4efd2544ba4df4718f2ab76521c2d313bbfdf54b.php:43
Stack trace:
#0 /Users/ivaylosholekov/Sites/personal/fruitaway/web/app/themes/sage/vendor/illuminate/view/Engines/CompilerEngine.php(59): Illuminate\View\Engines\PhpEngine->evaluatePath('/Users/ivaylosh...', Array)
#1 /Users/ivaylosholekov/Sites/personal/fruitaway/web/app/themes/sage/vendor/illuminate/view/View.php(142): Illuminate\View\Engines\CompilerEngine->get('/Users/ivaylosh...', Array)
#2 /Users/ivaylosholekov/Sites/personal/fruitaway/web/app/themes/sage/vendor/illuminate/view/View.php(125): Illuminate\View\View->getContents()
#3 /Users/ivaylosholekov/Sites/personal/fruitaway/web/app/themes/sage/vendor/illuminate/view/View.php(90): Illuminate\View\View->renderContents()
#4 /Users/ivaylosholekov/Sites/personal/fruitaway/we in /Users/ivaylosholekov/Sites/personal/fruitaway/web/app/uploads/cache/4efd2544ba4df4718f2ab76521c2d313bbfdf54b.php on line 43

2019-07-22T08:37:05+00:00 CRITICAL Uncaught Symfony\Component\Debug\Exception\FatalThrowableError: syntax error, unexpected end of file, expecting elseif (T_ELSEIF) or else (T_ELSE) or endif (T_ENDIF) in /Users/ivaylosholekov/Sites/personal/fruitaway/web/app/uploads/cache/4efd2544ba4df4718f2ab76521c2d313bbfdf54b.php:43
Stack trace:
#0 /Users/ivaylosholekov/Sites/personal/fruitaway/web/app/themes/sage/vendor/illuminate/view/Engines/CompilerEngine.php(59): Illuminate\View\Engines\PhpEngine->evaluatePath('/Users/ivaylosh...', Array)
#1 /Users/ivaylosholekov/Sites/personal/fruitaway/web/app/themes/sage/vendor/illuminate/view/View.php(142): Illuminate\View\Engines\CompilerEngine->get('/Users/ivaylosh...', Array)
#2 /Users/ivaylosholekov/Sites/personal/fruitaway/web/app/themes/sage/vendor/illuminate/view/View.php(125): Illuminate\View\View->getContents()
#3 /Users/ivaylosholekov/Sites/personal/fruitaway/web/app/themes/sage/vendor/illuminate/view/View.php(90): Illuminate\View\View->renderContents()
#4 /Users/ivaylosholekov/Sites/personal/fruitaway/we in /Users/ivaylosholekov/Sites/personal/fruitaway/web/app/uploads/cache/4efd2544ba4df4718f2ab76521c2d313bbfdf54b.php on line 43

2019-07-22T08:40:08+00:00 CRITICAL Uncaught Symfony\Component\Debug\Exception\FatalThrowableError: syntax error, unexpected end of file in /Users/ivaylosholekov/Sites/personal/fruitaway/web/app/uploads/cache/c0d40266e5687745d60860a9e2e1eda251fb7bb8.php:33
Stack trace:
#0 /Users/ivaylosholekov/Sites/personal/fruitaway/web/app/themes/sage/vendor/illuminate/view/Engines/CompilerEngine.php(59): Illuminate\View\Engines\PhpEngine->evaluatePath('/Users/ivaylosh...', Array)
#1 /Users/ivaylosholekov/Sites/personal/fruitaway/web/app/themes/sage/vendor/illuminate/view/View.php(142): Illuminate\View\Engines\CompilerEngine->get('/Users/ivaylosh...', Array)
#2 /Users/ivaylosholekov/Sites/personal/fruitaway/web/app/themes/sage/vendor/illuminate/view/View.php(125): Illuminate\View\View->getContents()
#3 /Users/ivaylosholekov/Sites/personal/fruitaway/web/app/themes/sage/vendor/illuminate/view/View.php(90): Illuminate\View\View->renderContents()
#4 /Users/ivaylosholekov/Sites/personal/fruitaway/web/app/uploads/cache/d291a8aaa0cf4e8fb4e03603611fd9498f5b6c12.php( in /Users/ivaylosholekov/Sites/personal/fruitaway/web/app/uploads/cache/c0d40266e5687745d60860a9e2e1eda251fb7bb8.php on line 33

2019-07-22T09:56:39+00:00 CRITICAL Uncaught Symfony\Component\Debug\Exception\FatalThrowableError: syntax error, unexpected ',' in /Users/ivaylosholekov/Sites/personal/fruitaway/web/app/uploads/cache/9d4f4d67584debda4b9000c6692fb9a0ebf44cd3.php:112
Stack trace:
#0 /Users/ivaylosholekov/Sites/personal/fruitaway/web/app/themes/sage/vendor/illuminate/view/Engines/CompilerEngine.php(59): Illuminate\View\Engines\PhpEngine->evaluatePath('/Users/ivaylosh...', Array)
#1 /Users/ivaylosholekov/Sites/personal/fruitaway/web/app/themes/sage/vendor/illuminate/view/View.php(142): Illuminate\View\Engines\CompilerEngine->get('/Users/ivaylosh...', Array)
#2 /Users/ivaylosholekov/Sites/personal/fruitaway/web/app/themes/sage/vendor/illuminate/view/View.php(125): Illuminate\View\View->getContents()
#3 /Users/ivaylosholekov/Sites/personal/fruitaway/web/app/themes/sage/vendor/illuminate/view/View.php(90): Illuminate\View\View->renderContents()
#4 /Users/ivaylosholekov/Sites/personal/fruitaway/web/app/uploads/cache/c0d40266e5687745d60860a9e2e1eda251fb7bb8.php(29): Il in /Users/ivaylosholekov/Sites/personal/fruitaway/web/app/uploads/cache/9d4f4d67584debda4b9000c6692fb9a0ebf44cd3.php on line 112

2019-07-22T09:56:42+00:00 CRITICAL Uncaught InvalidArgumentException: View [hidden-menu.blade.php] not found. in /Users/ivaylosholekov/Sites/personal/fruitaway/web/app/themes/sage/vendor/illuminate/view/FileViewFinder.php:137
Stack trace:
#0 /Users/ivaylosholekov/Sites/personal/fruitaway/web/app/themes/sage/vendor/illuminate/view/FileViewFinder.php(79): Illuminate\View\FileViewFinder->findInPaths('hidden-menu.bla...', Array)
#1 /Users/ivaylosholekov/Sites/personal/fruitaway/web/app/themes/sage/vendor/illuminate/view/Factory.php(128): Illuminate\View\FileViewFinder->find('hidden-menu.bla...')
#2 /Users/ivaylosholekov/Sites/personal/fruitaway/web/app/uploads/cache/9d4f4d67584debda4b9000c6692fb9a0ebf44cd3.php(112): Illuminate\View\Factory->make('hidden-menu.bla...', Array)
#3 /Users/ivaylosholekov/Sites/personal/fruitaway/web/app/themes/sage/vendor/illuminate/view/Engines/PhpEngine.php(43): include('/Users/ivaylosh...')
#4 /Users/ivaylosholekov/Sites/personal/fruitaway/web/app/themes/sage/vendor/illuminate/view/Engines/CompilerEngine.php(59): Ill in /Users/ivaylosholekov/Sites/personal/fruitaway/web/app/themes/sage/vendor/illuminate/view/FileViewFinder.php on line 137

2019-07-22T09:56:45+00:00 CRITICAL Uncaught InvalidArgumentException: View [hidden-menu] not found. in /Users/ivaylosholekov/Sites/personal/fruitaway/web/app/themes/sage/vendor/illuminate/view/FileViewFinder.php:137
Stack trace:
#0 /Users/ivaylosholekov/Sites/personal/fruitaway/web/app/themes/sage/vendor/illuminate/view/FileViewFinder.php(79): Illuminate\View\FileViewFinder->findInPaths('hidden-menu', Array)
#1 /Users/ivaylosholekov/Sites/personal/fruitaway/web/app/themes/sage/vendor/illuminate/view/Factory.php(128): Illuminate\View\FileViewFinder->find('hidden-menu')
#2 /Users/ivaylosholekov/Sites/personal/fruitaway/web/app/uploads/cache/9d4f4d67584debda4b9000c6692fb9a0ebf44cd3.php(112): Illuminate\View\Factory->make('hidden-menu', Array)
#3 /Users/ivaylosholekov/Sites/personal/fruitaway/web/app/themes/sage/vendor/illuminate/view/Engines/PhpEngine.php(43): include('/Users/ivaylosh...')
#4 /Users/ivaylosholekov/Sites/personal/fruitaway/web/app/themes/sage/vendor/illuminate/view/Engines/CompilerEngine.php(59): Illuminate\View\Engines\PhpEngine- in /Users/ivaylosholekov/Sites/personal/fruitaway/web/app/themes/sage/vendor/illuminate/view/FileViewFinder.php on line 137

2019-07-22T09:56:47+00:00 CRITICAL Uncaught InvalidArgumentException: View [hidden-menu] not found. in /Users/ivaylosholekov/Sites/personal/fruitaway/web/app/themes/sage/vendor/illuminate/view/FileViewFinder.php:137
Stack trace:
#0 /Users/ivaylosholekov/Sites/personal/fruitaway/web/app/themes/sage/vendor/illuminate/view/FileViewFinder.php(79): Illuminate\View\FileViewFinder->findInPaths('hidden-menu', Array)
#1 /Users/ivaylosholekov/Sites/personal/fruitaway/web/app/themes/sage/vendor/illuminate/view/Factory.php(128): Illuminate\View\FileViewFinder->find('hidden-menu')
#2 /Users/ivaylosholekov/Sites/personal/fruitaway/web/app/uploads/cache/9d4f4d67584debda4b9000c6692fb9a0ebf44cd3.php(112): Illuminate\View\Factory->make('hidden-menu', Array)
#3 /Users/ivaylosholekov/Sites/personal/fruitaway/web/app/themes/sage/vendor/illuminate/view/Engines/PhpEngine.php(43): include('/Users/ivaylosh...')
#4 /Users/ivaylosholekov/Sites/personal/fruitaway/web/app/themes/sage/vendor/illuminate/view/Engines/CompilerEngine.php(59): Illuminate\View\Engines\PhpEngine- in /Users/ivaylosholekov/Sites/personal/fruitaway/web/app/themes/sage/vendor/illuminate/view/FileViewFinder.php on line 137

2019-07-22T09:56:47+00:00 CRITICAL Uncaught InvalidArgumentException: View [hidden-menu] not found. in /Users/ivaylosholekov/Sites/personal/fruitaway/web/app/themes/sage/vendor/illuminate/view/FileViewFinder.php:137
Stack trace:
#0 /Users/ivaylosholekov/Sites/personal/fruitaway/web/app/themes/sage/vendor/illuminate/view/FileViewFinder.php(79): Illuminate\View\FileViewFinder->findInPaths('hidden-menu', Array)
#1 /Users/ivaylosholekov/Sites/personal/fruitaway/web/app/themes/sage/vendor/illuminate/view/Factory.php(128): Illuminate\View\FileViewFinder->find('hidden-menu')
#2 /Users/ivaylosholekov/Sites/personal/fruitaway/web/app/uploads/cache/9d4f4d67584debda4b9000c6692fb9a0ebf44cd3.php(112): Illuminate\View\Factory->make('hidden-menu', Array)
#3 /Users/ivaylosholekov/Sites/personal/fruitaway/web/app/themes/sage/vendor/illuminate/view/Engines/PhpEngine.php(43): include('/Users/ivaylosh...')
#4 /Users/ivaylosholekov/Sites/personal/fruitaway/web/app/themes/sage/vendor/illuminate/view/Engines/CompilerEngine.php(59): Illuminate\View\Engines\PhpEngine- in /Users/ivaylosholekov/Sites/personal/fruitaway/web/app/themes/sage/vendor/illuminate/view/FileViewFinder.php on line 137

2019-07-22T10:00:18+00:00 CRITICAL Uncaught Symfony\Component\Debug\Exception\FatalThrowableError: syntax error, unexpected ')' in /Users/ivaylosholekov/Sites/personal/fruitaway/web/app/uploads/cache/9d4f4d67584debda4b9000c6692fb9a0ebf44cd3.php:113
Stack trace:
#0 /Users/ivaylosholekov/Sites/personal/fruitaway/web/app/themes/sage/vendor/illuminate/view/Engines/CompilerEngine.php(59): Illuminate\View\Engines\PhpEngine->evaluatePath('/Users/ivaylosh...', Array)
#1 /Users/ivaylosholekov/Sites/personal/fruitaway/web/app/themes/sage/vendor/illuminate/view/View.php(142): Illuminate\View\Engines\CompilerEngine->get('/Users/ivaylosh...', Array)
#2 /Users/ivaylosholekov/Sites/personal/fruitaway/web/app/themes/sage/vendor/illuminate/view/View.php(125): Illuminate\View\View->getContents()
#3 /Users/ivaylosholekov/Sites/personal/fruitaway/web/app/themes/sage/vendor/illuminate/view/View.php(90): Illuminate\View\View->renderContents()
#4 /Users/ivaylosholekov/Sites/personal/fruitaway/web/app/uploads/cache/a590df1e0366f577750cbd3ba4a9bd48aa2ac6f4.php(24): Il in /Users/ivaylosholekov/Sites/personal/fruitaway/web/app/uploads/cache/9d4f4d67584debda4b9000c6692fb9a0ebf44cd3.php on line 113

2019-07-22T10:00:19+00:00 CRITICAL Uncaught Symfony\Component\Debug\Exception\FatalThrowableError: syntax error, unexpected ')' in /Users/ivaylosholekov/Sites/personal/fruitaway/web/app/uploads/cache/9d4f4d67584debda4b9000c6692fb9a0ebf44cd3.php:113
Stack trace:
#0 /Users/ivaylosholekov/Sites/personal/fruitaway/web/app/themes/sage/vendor/illuminate/view/Engines/CompilerEngine.php(59): Illuminate\View\Engines\PhpEngine->evaluatePath('/Users/ivaylosh...', Array)
#1 /Users/ivaylosholekov/Sites/personal/fruitaway/web/app/themes/sage/vendor/illuminate/view/View.php(142): Illuminate\View\Engines\CompilerEngine->get('/Users/ivaylosh...', Array)
#2 /Users/ivaylosholekov/Sites/personal/fruitaway/web/app/themes/sage/vendor/illuminate/view/View.php(125): Illuminate\View\View->getContents()
#3 /Users/ivaylosholekov/Sites/personal/fruitaway/web/app/themes/sage/vendor/illuminate/view/View.php(90): Illuminate\View\View->renderContents()
#4 /Users/ivaylosholekov/Sites/personal/fruitaway/web/app/uploads/cache/a590df1e0366f577750cbd3ba4a9bd48aa2ac6f4.php(24): Il in /Users/ivaylosholekov/Sites/personal/fruitaway/web/app/uploads/cache/9d4f4d67584debda4b9000c6692fb9a0ebf44cd3.php on line 113

2019-07-22T10:00:20+00:00 CRITICAL Uncaught Symfony\Component\Debug\Exception\FatalThrowableError: syntax error, unexpected ')' in /Users/ivaylosholekov/Sites/personal/fruitaway/web/app/uploads/cache/9d4f4d67584debda4b9000c6692fb9a0ebf44cd3.php:113
Stack trace:
#0 /Users/ivaylosholekov/Sites/personal/fruitaway/web/app/themes/sage/vendor/illuminate/view/Engines/CompilerEngine.php(59): Illuminate\View\Engines\PhpEngine->evaluatePath('/Users/ivaylosh...', Array)
#1 /Users/ivaylosholekov/Sites/personal/fruitaway/web/app/themes/sage/vendor/illuminate/view/View.php(142): Illuminate\View\Engines\CompilerEngine->get('/Users/ivaylosh...', Array)
#2 /Users/ivaylosholekov/Sites/personal/fruitaway/web/app/themes/sage/vendor/illuminate/view/View.php(125): Illuminate\View\View->getContents()
#3 /Users/ivaylosholekov/Sites/personal/fruitaway/web/app/themes/sage/vendor/illuminate/view/View.php(90): Illuminate\View\View->renderContents()
#4 /Users/ivaylosholekov/Sites/personal/fruitaway/web/app/uploads/cache/a590df1e0366f577750cbd3ba4a9bd48aa2ac6f4.php(24): Il in /Users/ivaylosholekov/Sites/personal/fruitaway/web/app/uploads/cache/9d4f4d67584debda4b9000c6692fb9a0ebf44cd3.php on line 113

