2019-07-16T06:46:39+00:00 CRITICAL syntax error, unexpected 'public' (T_PUBLIC), expecting ';' or '{' in /Users/ivaylosholekov/Sites/personal/fruitaway/web/app/themes/sage/app/Controllers/App.php on line 40

2019-07-16T06:46:39+00:00 CRITICAL syntax error, unexpected 'public' (T_PUBLIC), expecting ';' or '{' in /Users/ivaylosholekov/Sites/personal/fruitaway/web/app/themes/sage/app/Controllers/App.php on line 40

2019-07-16T06:53:27+00:00 CRITICAL Uncaught Symfony\Component\Debug\Exception\FatalThrowableError: Call to undefined method App\Controllers\App::logo() in /Users/ivaylosholekov/Sites/personal/fruitaway/web/app/uploads/cache/4efd2544ba4df4718f2ab76521c2d313bbfdf54b.php:7
Stack trace:
#0 /Users/ivaylosholekov/Sites/personal/fruitaway/web/app/themes/sage/vendor/illuminate/view/Engines/PhpEngine.php(43): include()
#1 /Users/ivaylosholekov/Sites/personal/fruitaway/web/app/themes/sage/vendor/illuminate/view/Engines/CompilerEngine.php(59): Illuminate\View\Engines\PhpEngine->evaluatePath('/Users/ivaylosh...', Array)
#2 /Users/ivaylosholekov/Sites/personal/fruitaway/web/app/themes/sage/vendor/illuminate/view/View.php(142): Illuminate\View\Engines\CompilerEngine->get('/Users/ivaylosh...', Array)
#3 /Users/ivaylosholekov/Sites/personal/fruitaway/web/app/themes/sage/vendor/illuminate/view/View.php(125): Illuminate\View\View->getContents()
#4 /Users/ivaylosholekov/Sites/personal/fruitaway/web/app/themes/sage/vendor/illuminate/view/View.php(90): Illuminate\ in /Users/ivaylosholekov/Sites/personal/fruitaway/web/app/uploads/cache/4efd2544ba4df4718f2ab76521c2d313bbfdf54b.php on line 7

2019-07-16T06:54:58+00:00 CRITICAL Uncaught Symfony\Component\Debug\Exception\FatalThrowableError: Call to undefined method App\Controllers\App::logo() in /Users/ivaylosholekov/Sites/personal/fruitaway/web/app/uploads/cache/4efd2544ba4df4718f2ab76521c2d313bbfdf54b.php:7
Stack trace:
#0 /Users/ivaylosholekov/Sites/personal/fruitaway/web/app/themes/sage/vendor/illuminate/view/Engines/PhpEngine.php(43): include()
#1 /Users/ivaylosholekov/Sites/personal/fruitaway/web/app/themes/sage/vendor/illuminate/view/Engines/CompilerEngine.php(59): Illuminate\View\Engines\PhpEngine->evaluatePath('/Users/ivaylosh...', Array)
#2 /Users/ivaylosholekov/Sites/personal/fruitaway/web/app/themes/sage/vendor/illuminate/view/View.php(142): Illuminate\View\Engines\CompilerEngine->get('/Users/ivaylosh...', Array)
#3 /Users/ivaylosholekov/Sites/personal/fruitaway/web/app/themes/sage/vendor/illuminate/view/View.php(125): Illuminate\View\View->getContents()
#4 /Users/ivaylosholekov/Sites/personal/fruitaway/web/app/themes/sage/vendor/illuminate/view/View.php(90): Illuminate\ in /Users/ivaylosholekov/Sites/personal/fruitaway/web/app/uploads/cache/4efd2544ba4df4718f2ab76521c2d313bbfdf54b.php on line 7

2019-07-16T06:57:27+00:00 CRITICAL Uncaught Symfony\Component\Debug\Exception\FatalThrowableError: Call to undefined function App\Controllers\get_post_thumbnail() in /Users/ivaylosholekov/Sites/personal/fruitaway/web/app/themes/sage/app/Controllers/App.php:16
Stack trace:
#0 /Users/ivaylosholekov/Sites/personal/fruitaway/web/app/uploads/cache/4efd2544ba4df4718f2ab76521c2d313bbfdf54b.php(8): App\Controllers\App::logo('print')
#1 /Users/ivaylosholekov/Sites/personal/fruitaway/web/app/themes/sage/vendor/illuminate/view/Engines/PhpEngine.php(43): include('/Users/ivaylosh...')
#2 /Users/ivaylosholekov/Sites/personal/fruitaway/web/app/themes/sage/vendor/illuminate/view/Engines/CompilerEngine.php(59): Illuminate\View\Engines\PhpEngine->evaluatePath('/Users/ivaylosh...', Array)
#3 /Users/ivaylosholekov/Sites/personal/fruitaway/web/app/themes/sage/vendor/illuminate/view/View.php(142): Illuminate\View\Engines\CompilerEngine->get('/Users/ivaylosh...', Array)
#4 /Users/ivaylosholekov/Sites/personal/fruitaway/web/app/themes/sage/vendor/illuminate/view/View in /Users/ivaylosholekov/Sites/personal/fruitaway/web/app/themes/sage/app/Controllers/App.php on line 16

2019-07-16T08:10:21+00:00 CRITICAL syntax error, unexpected '=', expecting ',' or ')' in /Users/ivaylosholekov/Sites/personal/fruitaway/web/app/themes/sage/app/setup.php on line 189

2019-07-16T08:23:27+00:00 CRITICAL Uncaught Symfony\Component\Debug\Exception\FatalThrowableError: syntax error, unexpected 'big' (T_STRING), expecting ']' in /Users/ivaylosholekov/Sites/personal/fruitaway/web/app/uploads/cache/9d4f4d67584debda4b9000c6692fb9a0ebf44cd3.php:22
Stack trace:
#0 /Users/ivaylosholekov/Sites/personal/fruitaway/web/app/themes/sage/vendor/illuminate/view/Engines/CompilerEngine.php(59): Illuminate\View\Engines\PhpEngine->evaluatePath('/Users/ivaylosh...', Array)
#1 /Users/ivaylosholekov/Sites/personal/fruitaway/web/app/themes/sage/vendor/illuminate/view/View.php(142): Illuminate\View\Engines\CompilerEngine->get('/Users/ivaylosh...', Array)
#2 /Users/ivaylosholekov/Sites/personal/fruitaway/web/app/themes/sage/vendor/illuminate/view/View.php(125): Illuminate\View\View->getContents()
#3 /Users/ivaylosholekov/Sites/personal/fruitaway/web/app/themes/sage/vendor/illuminate/view/View.php(90): Illuminate\View\View->renderContents()
#4 /Users/ivaylosholekov/Sites/personal/fruitaway/web/app/uploads/cache/c0d40266e5687745d60860a9e in /Users/ivaylosholekov/Sites/personal/fruitaway/web/app/uploads/cache/9d4f4d67584debda4b9000c6692fb9a0ebf44cd3.php on line 22

2019-07-16T13:24:49+00:00 CRITICAL Uncaught Symfony\Component\Debug\Exception\FatalThrowableError: Class 'WP_Bootstrap_Navwalker' not found in /Users/ivaylosholekov/Sites/personal/fruitaway/web/app/uploads/cache/1dedf57f27fdc58fab858ca69c765f24d6b3bf3c.php:39
Stack trace:
#0 /Users/ivaylosholekov/Sites/personal/fruitaway/web/app/themes/sage/vendor/illuminate/view/Engines/PhpEngine.php(43): include()
#1 /Users/ivaylosholekov/Sites/personal/fruitaway/web/app/themes/sage/vendor/illuminate/view/Engines/CompilerEngine.php(59): Illuminate\View\Engines\PhpEngine->evaluatePath('/Users/ivaylosh...', Array)
#2 /Users/ivaylosholekov/Sites/personal/fruitaway/web/app/themes/sage/vendor/illuminate/view/View.php(142): Illuminate\View\Engines\CompilerEngine->get('/Users/ivaylosh...', Array)
#3 /Users/ivaylosholekov/Sites/personal/fruitaway/web/app/themes/sage/vendor/illuminate/view/View.php(125): Illuminate\View\View->getContents()
#4 /Users/ivaylosholekov/Sites/personal/fruitaway/web/app/themes/sage/vendor/illuminate/view/View.php(90): Illuminate\View\View-> in /Users/ivaylosholekov/Sites/personal/fruitaway/web/app/uploads/cache/1dedf57f27fdc58fab858ca69c765f24d6b3bf3c.php on line 39

2019-07-16T13:44:51+00:00 CRITICAL Uncaught Symfony\Component\Debug\Exception\FatalThrowableError: Call to undefined function related_posts() in /Users/ivaylosholekov/Sites/personal/fruitaway/web/app/uploads/cache/4d7c2b0f6899145898592e3ce91fd6fc33b7a787.php:16
Stack trace:
#0 /Users/ivaylosholekov/Sites/personal/fruitaway/web/app/themes/sage/vendor/illuminate/view/Engines/PhpEngine.php(43): include()
#1 /Users/ivaylosholekov/Sites/personal/fruitaway/web/app/themes/sage/vendor/illuminate/view/Engines/CompilerEngine.php(59): Illuminate\View\Engines\PhpEngine->evaluatePath('/Users/ivaylosh...', Array)
#2 /Users/ivaylosholekov/Sites/personal/fruitaway/web/app/themes/sage/vendor/illuminate/view/View.php(142): Illuminate\View\Engines\CompilerEngine->get('/Users/ivaylosh...', Array)
#3 /Users/ivaylosholekov/Sites/personal/fruitaway/web/app/themes/sage/vendor/illuminate/view/View.php(125): Illuminate\View\View->getContents()
#4 /Users/ivaylosholekov/Sites/personal/fruitaway/web/app/themes/sage/vendor/illuminate/view/View.php(90): Illuminate\View\View in /Users/ivaylosholekov/Sites/personal/fruitaway/web/app/uploads/cache/4d7c2b0f6899145898592e3ce91fd6fc33b7a787.php on line 16

2019-07-16T13:46:23+00:00 CRITICAL Uncaught Symfony\Component\Debug\Exception\FatalThrowableError: Class 'App\Controllers\WP_Query' not found in /Users/ivaylosholekov/Sites/personal/fruitaway/web/app/themes/sage/app/Controllers/App.php:19
Stack trace:
#0 /Users/ivaylosholekov/Sites/personal/fruitaway/web/app/uploads/cache/4d7c2b0f6899145898592e3ce91fd6fc33b7a787.php(17): App\Controllers\App::related_posts()
#1 /Users/ivaylosholekov/Sites/personal/fruitaway/web/app/themes/sage/vendor/illuminate/view/Engines/PhpEngine.php(43): include('/Users/ivaylosh...')
#2 /Users/ivaylosholekov/Sites/personal/fruitaway/web/app/themes/sage/vendor/illuminate/view/Engines/CompilerEngine.php(59): Illuminate\View\Engines\PhpEngine->evaluatePath('/Users/ivaylosh...', Array)
#3 /Users/ivaylosholekov/Sites/personal/fruitaway/web/app/themes/sage/vendor/illuminate/view/View.php(142): Illuminate\View\Engines\CompilerEngine->get('/Users/ivaylosh...', Array)
#4 /Users/ivaylosholekov/Sites/personal/fruitaway/web/app/themes/sage/vendor/illuminate/view/View.php(125): Illumin in /Users/ivaylosholekov/Sites/personal/fruitaway/web/app/themes/sage/app/Controllers/App.php on line 19

2019-07-16T13:47:29+00:00 CRITICAL Uncaught Symfony\Component\Debug\Exception\FatalThrowableError: Class 'App\Controllers\WP_Query' not found in /Users/ivaylosholekov/Sites/personal/fruitaway/web/app/themes/sage/app/Controllers/App.php:19
Stack trace:
#0 /Users/ivaylosholekov/Sites/personal/fruitaway/web/app/uploads/cache/4d7c2b0f6899145898592e3ce91fd6fc33b7a787.php(17): App\Controllers\App::related_posts()
#1 /Users/ivaylosholekov/Sites/personal/fruitaway/web/app/themes/sage/vendor/illuminate/view/Engines/PhpEngine.php(43): include('/Users/ivaylosh...')
#2 /Users/ivaylosholekov/Sites/personal/fruitaway/web/app/themes/sage/vendor/illuminate/view/Engines/CompilerEngine.php(59): Illuminate\View\Engines\PhpEngine->evaluatePath('/Users/ivaylosh...', Array)
#3 /Users/ivaylosholekov/Sites/personal/fruitaway/web/app/themes/sage/vendor/illuminate/view/View.php(142): Illuminate\View\Engines\CompilerEngine->get('/Users/ivaylosh...', Array)
#4 /Users/ivaylosholekov/Sites/personal/fruitaway/web/app/themes/sage/vendor/illuminate/view/View.php(125): Illumin in /Users/ivaylosholekov/Sites/personal/fruitaway/web/app/themes/sage/app/Controllers/App.php on line 19

