2019-07-19T06:43:25+00:00 CRITICAL Uncaught Symfony\Component\Debug\Exception\FatalThrowableError: Call to undefined function custom_wc_get_gallery_image_html() in /Users/ivaylosholekov/Sites/personal/fruitaway/web/app/uploads/cache/f28da1777c569b28ee80533288525f9f61bec6c1.php:54
Stack trace:
#0 /Users/ivaylosholekov/Sites/personal/fruitaway/web/app/themes/sage/vendor/illuminate/view/Engines/PhpEngine.php(43): include()
#1 /Users/ivaylosholekov/Sites/personal/fruitaway/web/app/themes/sage/vendor/illuminate/view/Engines/CompilerEngine.php(59): Illuminate\View\Engines\PhpEngine->evaluatePath('/Users/ivaylosh...', Array)
#2 /Users/ivaylosholekov/Sites/personal/fruitaway/web/app/themes/sage/vendor/illuminate/view/View.php(142): Illuminate\View\Engines\CompilerEngine->get('/Users/ivaylosh...', Array)
#3 /Users/ivaylosholekov/Sites/personal/fruitaway/web/app/themes/sage/vendor/illuminate/view/View.php(125): Illuminate\View\View->getContents()
#4 /Users/ivaylosholekov/Sites/personal/fruitaway/web/app/themes/sage/vendor/illuminate/view/View.php(90): I in /Users/ivaylosholekov/Sites/personal/fruitaway/web/app/uploads/cache/f28da1777c569b28ee80533288525f9f61bec6c1.php on line 54

2019-07-19T06:43:42+00:00 CRITICAL Uncaught Symfony\Component\Debug\Exception\FatalThrowableError: Call to undefined function custom_wc_get_gallery_image_html() in /Users/ivaylosholekov/Sites/personal/fruitaway/web/app/uploads/cache/f28da1777c569b28ee80533288525f9f61bec6c1.php:54
Stack trace:
#0 /Users/ivaylosholekov/Sites/personal/fruitaway/web/app/themes/sage/vendor/illuminate/view/Engines/PhpEngine.php(43): include()
#1 /Users/ivaylosholekov/Sites/personal/fruitaway/web/app/themes/sage/vendor/illuminate/view/Engines/CompilerEngine.php(59): Illuminate\View\Engines\PhpEngine->evaluatePath('/Users/ivaylosh...', Array)
#2 /Users/ivaylosholekov/Sites/personal/fruitaway/web/app/themes/sage/vendor/illuminate/view/View.php(142): Illuminate\View\Engines\CompilerEngine->get('/Users/ivaylosh...', Array)
#3 /Users/ivaylosholekov/Sites/personal/fruitaway/web/app/themes/sage/vendor/illuminate/view/View.php(125): Illuminate\View\View->getContents()
#4 /Users/ivaylosholekov/Sites/personal/fruitaway/web/app/themes/sage/vendor/illuminate/view/View.php(90): I in /Users/ivaylosholekov/Sites/personal/fruitaway/web/app/uploads/cache/f28da1777c569b28ee80533288525f9f61bec6c1.php on line 54

2019-07-19T06:44:26+00:00 CRITICAL Uncaught Symfony\Component\Debug\Exception\FatalThrowableError: Call to undefined function custom_wc_get_gallery_image_html() in /Users/ivaylosholekov/Sites/personal/fruitaway/web/app/uploads/cache/f28da1777c569b28ee80533288525f9f61bec6c1.php:54
Stack trace:
#0 /Users/ivaylosholekov/Sites/personal/fruitaway/web/app/themes/sage/vendor/illuminate/view/Engines/PhpEngine.php(43): include()
#1 /Users/ivaylosholekov/Sites/personal/fruitaway/web/app/themes/sage/vendor/illuminate/view/Engines/CompilerEngine.php(59): Illuminate\View\Engines\PhpEngine->evaluatePath('/Users/ivaylosh...', Array)
#2 /Users/ivaylosholekov/Sites/personal/fruitaway/web/app/themes/sage/vendor/illuminate/view/View.php(142): Illuminate\View\Engines\CompilerEngine->get('/Users/ivaylosh...', Array)
#3 /Users/ivaylosholekov/Sites/personal/fruitaway/web/app/themes/sage/vendor/illuminate/view/View.php(125): Illuminate\View\View->getContents()
#4 /Users/ivaylosholekov/Sites/personal/fruitaway/web/app/themes/sage/vendor/illuminate/view/View.php(90): I in /Users/ivaylosholekov/Sites/personal/fruitaway/web/app/uploads/cache/f28da1777c569b28ee80533288525f9f61bec6c1.php on line 54

2019-07-19T06:44:53+00:00 CRITICAL Uncaught Symfony\Component\Debug\Exception\FatalThrowableError: Call to undefined function custom_wc_get_gallery_image_html() in /Users/ivaylosholekov/Sites/personal/fruitaway/web/app/uploads/cache/f28da1777c569b28ee80533288525f9f61bec6c1.php:54
Stack trace:
#0 /Users/ivaylosholekov/Sites/personal/fruitaway/web/app/themes/sage/vendor/illuminate/view/Engines/PhpEngine.php(43): include()
#1 /Users/ivaylosholekov/Sites/personal/fruitaway/web/app/themes/sage/vendor/illuminate/view/Engines/CompilerEngine.php(59): Illuminate\View\Engines\PhpEngine->evaluatePath('/Users/ivaylosh...', Array)
#2 /Users/ivaylosholekov/Sites/personal/fruitaway/web/app/themes/sage/vendor/illuminate/view/View.php(142): Illuminate\View\Engines\CompilerEngine->get('/Users/ivaylosh...', Array)
#3 /Users/ivaylosholekov/Sites/personal/fruitaway/web/app/themes/sage/vendor/illuminate/view/View.php(125): Illuminate\View\View->getContents()
#4 /Users/ivaylosholekov/Sites/personal/fruitaway/web/app/themes/sage/vendor/illuminate/view/View.php(90): I in /Users/ivaylosholekov/Sites/personal/fruitaway/web/app/uploads/cache/f28da1777c569b28ee80533288525f9f61bec6c1.php on line 54

2019-07-19T06:44:57+00:00 CRITICAL Uncaught Symfony\Component\Debug\Exception\FatalThrowableError: Call to undefined function custom_wc_get_gallery_image_html() in /Users/ivaylosholekov/Sites/personal/fruitaway/web/app/uploads/cache/f28da1777c569b28ee80533288525f9f61bec6c1.php:54
Stack trace:
#0 /Users/ivaylosholekov/Sites/personal/fruitaway/web/app/themes/sage/vendor/illuminate/view/Engines/PhpEngine.php(43): include()
#1 /Users/ivaylosholekov/Sites/personal/fruitaway/web/app/themes/sage/vendor/illuminate/view/Engines/CompilerEngine.php(59): Illuminate\View\Engines\PhpEngine->evaluatePath('/Users/ivaylosh...', Array)
#2 /Users/ivaylosholekov/Sites/personal/fruitaway/web/app/themes/sage/vendor/illuminate/view/View.php(142): Illuminate\View\Engines\CompilerEngine->get('/Users/ivaylosh...', Array)
#3 /Users/ivaylosholekov/Sites/personal/fruitaway/web/app/themes/sage/vendor/illuminate/view/View.php(125): Illuminate\View\View->getContents()
#4 /Users/ivaylosholekov/Sites/personal/fruitaway/web/app/themes/sage/vendor/illuminate/view/View.php(90): I in /Users/ivaylosholekov/Sites/personal/fruitaway/web/app/uploads/cache/f28da1777c569b28ee80533288525f9f61bec6c1.php on line 54

2019-07-19T06:44:58+00:00 CRITICAL Uncaught Symfony\Component\Debug\Exception\FatalThrowableError: Call to undefined function custom_wc_get_gallery_image_html() in /Users/ivaylosholekov/Sites/personal/fruitaway/web/app/uploads/cache/f28da1777c569b28ee80533288525f9f61bec6c1.php:54
Stack trace:
#0 /Users/ivaylosholekov/Sites/personal/fruitaway/web/app/themes/sage/vendor/illuminate/view/Engines/PhpEngine.php(43): include()
#1 /Users/ivaylosholekov/Sites/personal/fruitaway/web/app/themes/sage/vendor/illuminate/view/Engines/CompilerEngine.php(59): Illuminate\View\Engines\PhpEngine->evaluatePath('/Users/ivaylosh...', Array)
#2 /Users/ivaylosholekov/Sites/personal/fruitaway/web/app/themes/sage/vendor/illuminate/view/View.php(142): Illuminate\View\Engines\CompilerEngine->get('/Users/ivaylosh...', Array)
#3 /Users/ivaylosholekov/Sites/personal/fruitaway/web/app/themes/sage/vendor/illuminate/view/View.php(125): Illuminate\View\View->getContents()
#4 /Users/ivaylosholekov/Sites/personal/fruitaway/web/app/themes/sage/vendor/illuminate/view/View.php(90): I in /Users/ivaylosholekov/Sites/personal/fruitaway/web/app/uploads/cache/f28da1777c569b28ee80533288525f9f61bec6c1.php on line 54

2019-07-19T06:45:25+00:00 CRITICAL Uncaught Symfony\Component\Debug\Exception\FatalThrowableError: Call to undefined function custom_wc_get_gallery_image_html() in /Users/ivaylosholekov/Sites/personal/fruitaway/web/app/uploads/cache/f28da1777c569b28ee80533288525f9f61bec6c1.php:54
Stack trace:
#0 /Users/ivaylosholekov/Sites/personal/fruitaway/web/app/themes/sage/vendor/illuminate/view/Engines/PhpEngine.php(43): include()
#1 /Users/ivaylosholekov/Sites/personal/fruitaway/web/app/themes/sage/vendor/illuminate/view/Engines/CompilerEngine.php(59): Illuminate\View\Engines\PhpEngine->evaluatePath('/Users/ivaylosh...', Array)
#2 /Users/ivaylosholekov/Sites/personal/fruitaway/web/app/themes/sage/vendor/illuminate/view/View.php(142): Illuminate\View\Engines\CompilerEngine->get('/Users/ivaylosh...', Array)
#3 /Users/ivaylosholekov/Sites/personal/fruitaway/web/app/themes/sage/vendor/illuminate/view/View.php(125): Illuminate\View\View->getContents()
#4 /Users/ivaylosholekov/Sites/personal/fruitaway/web/app/themes/sage/vendor/illuminate/view/View.php(90): I in /Users/ivaylosholekov/Sites/personal/fruitaway/web/app/uploads/cache/f28da1777c569b28ee80533288525f9f61bec6c1.php on line 54

2019-07-19T06:45:27+00:00 CRITICAL Uncaught Symfony\Component\Debug\Exception\FatalThrowableError: Call to undefined function custom_wc_get_gallery_image_html() in /Users/ivaylosholekov/Sites/personal/fruitaway/web/app/uploads/cache/f28da1777c569b28ee80533288525f9f61bec6c1.php:54
Stack trace:
#0 /Users/ivaylosholekov/Sites/personal/fruitaway/web/app/themes/sage/vendor/illuminate/view/Engines/PhpEngine.php(43): include()
#1 /Users/ivaylosholekov/Sites/personal/fruitaway/web/app/themes/sage/vendor/illuminate/view/Engines/CompilerEngine.php(59): Illuminate\View\Engines\PhpEngine->evaluatePath('/Users/ivaylosh...', Array)
#2 /Users/ivaylosholekov/Sites/personal/fruitaway/web/app/themes/sage/vendor/illuminate/view/View.php(142): Illuminate\View\Engines\CompilerEngine->get('/Users/ivaylosh...', Array)
#3 /Users/ivaylosholekov/Sites/personal/fruitaway/web/app/themes/sage/vendor/illuminate/view/View.php(125): Illuminate\View\View->getContents()
#4 /Users/ivaylosholekov/Sites/personal/fruitaway/web/app/themes/sage/vendor/illuminate/view/View.php(90): I in /Users/ivaylosholekov/Sites/personal/fruitaway/web/app/uploads/cache/f28da1777c569b28ee80533288525f9f61bec6c1.php on line 54

2019-07-19T06:48:14+00:00 CRITICAL syntax error, unexpected ''<div class="carousel-item _ac' (T_CONSTANT_ENCAPSED_STRING) in /Users/ivaylosholekov/Sites/personal/fruitaway/web/app/themes/sage/app/helpers.php on line 232

2019-07-19T06:48:14+00:00 CRITICAL syntax error, unexpected ''<div class="carousel-item _ac' (T_CONSTANT_ENCAPSED_STRING) in /Users/ivaylosholekov/Sites/personal/fruitaway/web/app/themes/sage/app/helpers.php on line 232

2019-07-19T06:48:15+00:00 CRITICAL syntax error, unexpected ''<div class="carousel-item _ac' (T_CONSTANT_ENCAPSED_STRING) in /Users/ivaylosholekov/Sites/personal/fruitaway/web/app/themes/sage/app/helpers.php on line 232

2019-07-19T06:49:22+00:00 CRITICAL syntax error, unexpected '}', expecting ';' in /Users/ivaylosholekov/Sites/personal/fruitaway/web/app/themes/sage/app/helpers.php on line 233

2019-07-19T06:49:22+00:00 CRITICAL syntax error, unexpected '}', expecting ';' in /Users/ivaylosholekov/Sites/personal/fruitaway/web/app/themes/sage/app/helpers.php on line 233

2019-07-19T06:53:40+00:00 CRITICAL Uncaught Symfony\Component\Debug\Exception\FatalThrowableError: Call to undefined function custom_wc_get_gallery_image_html() in /Users/ivaylosholekov/Sites/personal/fruitaway/web/app/themes/sage/resources/views/woocommerce/single-product/product-thumbnails.php:31
Stack trace:
#0 /Users/ivaylosholekov/Sites/personal/fruitaway/web/app/themes/sage/vendor/illuminate/view/Engines/PhpEngine.php(43): include()
#1 /Users/ivaylosholekov/Sites/personal/fruitaway/web/app/themes/sage/vendor/illuminate/view/Engines/PhpEngine.php(21): Illuminate\View\Engines\PhpEngine->evaluatePath('/Users/ivaylosh...', Array)
#2 /Users/ivaylosholekov/Sites/personal/fruitaway/web/app/themes/sage/vendor/illuminate/view/View.php(142): Illuminate\View\Engines\PhpEngine->get('/Users/ivaylosh...', Array)
#3 /Users/ivaylosholekov/Sites/personal/fruitaway/web/app/themes/sage/vendor/illuminate/view/View.php(125): Illuminate\View\View->getContents()
#4 /Users/ivaylosholekov/Sites/personal/fruitaway/web/app/themes/sage/vendor/illuminate/view/View.p in /Users/ivaylosholekov/Sites/personal/fruitaway/web/app/themes/sage/resources/views/woocommerce/single-product/product-thumbnails.php on line 31

2019-07-19T10:08:46+00:00 CRITICAL Object of class WP_Query could not be converted to string in /Users/ivaylosholekov/Sites/personal/fruitaway/web/app/uploads/cache/1020ef2b529471fe24d00a965410a931fae79b64.php on line 5

2019-07-19T10:08:48+00:00 CRITICAL Object of class WP_Query could not be converted to string in /Users/ivaylosholekov/Sites/personal/fruitaway/web/app/uploads/cache/1020ef2b529471fe24d00a965410a931fae79b64.php on line 5

2019-07-19T10:08:49+00:00 CRITICAL Object of class WP_Query could not be converted to string in /Users/ivaylosholekov/Sites/personal/fruitaway/web/app/uploads/cache/1020ef2b529471fe24d00a965410a931fae79b64.php on line 5

2019-07-19T10:08:50+00:00 CRITICAL Object of class WP_Query could not be converted to string in /Users/ivaylosholekov/Sites/personal/fruitaway/web/app/uploads/cache/1020ef2b529471fe24d00a965410a931fae79b64.php on line 5

2019-07-19T10:09:03+00:00 CRITICAL Object of class WP_Query could not be converted to string in /Users/ivaylosholekov/Sites/personal/fruitaway/web/app/uploads/cache/1020ef2b529471fe24d00a965410a931fae79b64.php on line 5

2019-07-19T10:09:04+00:00 CRITICAL Object of class WP_Query could not be converted to string in /Users/ivaylosholekov/Sites/personal/fruitaway/web/app/uploads/cache/1020ef2b529471fe24d00a965410a931fae79b64.php on line 5

2019-07-19T10:09:05+00:00 CRITICAL Object of class WP_Query could not be converted to string in /Users/ivaylosholekov/Sites/personal/fruitaway/web/app/uploads/cache/1020ef2b529471fe24d00a965410a931fae79b64.php on line 5

2019-07-19T10:12:36+00:00 CRITICAL Uncaught Symfony\Component\Debug\Exception\FatalThrowableError: syntax error, unexpected ')' in /Users/ivaylosholekov/Sites/personal/fruitaway/web/app/uploads/cache/1020ef2b529471fe24d00a965410a931fae79b64.php:5
Stack trace:
#0 /Users/ivaylosholekov/Sites/personal/fruitaway/web/app/themes/sage/vendor/illuminate/view/Engines/CompilerEngine.php(59): Illuminate\View\Engines\PhpEngine->evaluatePath('/Users/ivaylosh...', Array)
#1 /Users/ivaylosholekov/Sites/personal/fruitaway/web/app/themes/sage/vendor/illuminate/view/View.php(142): Illuminate\View\Engines\CompilerEngine->get('/Users/ivaylosh...', Array)
#2 /Users/ivaylosholekov/Sites/personal/fruitaway/web/app/themes/sage/vendor/illuminate/view/View.php(125): Illuminate\View\View->getContents()
#3 /Users/ivaylosholekov/Sites/personal/fruitaway/web/app/themes/sage/vendor/illuminate/view/View.php(90): Illuminate\View\View->renderContents()
#4 /Users/ivaylosholekov/Sites/personal/fruitaway/web/app/uploads/cache/c0d40266e5687745d60860a9e2e1eda251fb7bb8.php(20): Illu in /Users/ivaylosholekov/Sites/personal/fruitaway/web/app/uploads/cache/1020ef2b529471fe24d00a965410a931fae79b64.php on line 5

2019-07-19T10:12:47+00:00 CRITICAL Uncaught Symfony\Component\Debug\Exception\FatalThrowableError: syntax error, unexpected ':', expecting '(' in /Users/ivaylosholekov/Sites/personal/fruitaway/web/app/uploads/cache/1020ef2b529471fe24d00a965410a931fae79b64.php:14
Stack trace:
#0 /Users/ivaylosholekov/Sites/personal/fruitaway/web/app/themes/sage/vendor/illuminate/view/Engines/CompilerEngine.php(59): Illuminate\View\Engines\PhpEngine->evaluatePath('/Users/ivaylosh...', Array)
#1 /Users/ivaylosholekov/Sites/personal/fruitaway/web/app/themes/sage/vendor/illuminate/view/View.php(142): Illuminate\View\Engines\CompilerEngine->get('/Users/ivaylosh...', Array)
#2 /Users/ivaylosholekov/Sites/personal/fruitaway/web/app/themes/sage/vendor/illuminate/view/View.php(125): Illuminate\View\View->getContents()
#3 /Users/ivaylosholekov/Sites/personal/fruitaway/web/app/themes/sage/vendor/illuminate/view/View.php(90): Illuminate\View\View->renderContents()
#4 /Users/ivaylosholekov/Sites/personal/fruitaway/web/app/uploads/cache/c0d40266e5687745d60860a9e2e1eda251fb7b in /Users/ivaylosholekov/Sites/personal/fruitaway/web/app/uploads/cache/1020ef2b529471fe24d00a965410a931fae79b64.php on line 14

2019-07-19T10:12:49+00:00 CRITICAL Uncaught Symfony\Component\Debug\Exception\FatalThrowableError: syntax error, unexpected ')' in /Users/ivaylosholekov/Sites/personal/fruitaway/web/app/uploads/cache/1020ef2b529471fe24d00a965410a931fae79b64.php:14
Stack trace:
#0 /Users/ivaylosholekov/Sites/personal/fruitaway/web/app/themes/sage/vendor/illuminate/view/Engines/CompilerEngine.php(59): Illuminate\View\Engines\PhpEngine->evaluatePath('/Users/ivaylosh...', Array)
#1 /Users/ivaylosholekov/Sites/personal/fruitaway/web/app/themes/sage/vendor/illuminate/view/View.php(142): Illuminate\View\Engines\CompilerEngine->get('/Users/ivaylosh...', Array)
#2 /Users/ivaylosholekov/Sites/personal/fruitaway/web/app/themes/sage/vendor/illuminate/view/View.php(125): Illuminate\View\View->getContents()
#3 /Users/ivaylosholekov/Sites/personal/fruitaway/web/app/themes/sage/vendor/illuminate/view/View.php(90): Illuminate\View\View->renderContents()
#4 /Users/ivaylosholekov/Sites/personal/fruitaway/web/app/uploads/cache/c0d40266e5687745d60860a9e2e1eda251fb7bb8.php(20): Ill in /Users/ivaylosholekov/Sites/personal/fruitaway/web/app/uploads/cache/1020ef2b529471fe24d00a965410a931fae79b64.php on line 14

2019-07-19T10:12:49+00:00 CRITICAL Uncaught Symfony\Component\Debug\Exception\FatalThrowableError: syntax error, unexpected ')' in /Users/ivaylosholekov/Sites/personal/fruitaway/web/app/uploads/cache/1020ef2b529471fe24d00a965410a931fae79b64.php:14
Stack trace:
#0 /Users/ivaylosholekov/Sites/personal/fruitaway/web/app/themes/sage/vendor/illuminate/view/Engines/CompilerEngine.php(59): Illuminate\View\Engines\PhpEngine->evaluatePath('/Users/ivaylosh...', Array)
#1 /Users/ivaylosholekov/Sites/personal/fruitaway/web/app/themes/sage/vendor/illuminate/view/View.php(142): Illuminate\View\Engines\CompilerEngine->get('/Users/ivaylosh...', Array)
#2 /Users/ivaylosholekov/Sites/personal/fruitaway/web/app/themes/sage/vendor/illuminate/view/View.php(125): Illuminate\View\View->getContents()
#3 /Users/ivaylosholekov/Sites/personal/fruitaway/web/app/themes/sage/vendor/illuminate/view/View.php(90): Illuminate\View\View->renderContents()
#4 /Users/ivaylosholekov/Sites/personal/fruitaway/web/app/uploads/cache/c0d40266e5687745d60860a9e2e1eda251fb7bb8.php(20): Ill in /Users/ivaylosholekov/Sites/personal/fruitaway/web/app/uploads/cache/1020ef2b529471fe24d00a965410a931fae79b64.php on line 14

2019-07-19T10:12:50+00:00 CRITICAL Uncaught Symfony\Component\Debug\Exception\FatalThrowableError: syntax error, unexpected ')' in /Users/ivaylosholekov/Sites/personal/fruitaway/web/app/uploads/cache/1020ef2b529471fe24d00a965410a931fae79b64.php:14
Stack trace:
#0 /Users/ivaylosholekov/Sites/personal/fruitaway/web/app/themes/sage/vendor/illuminate/view/Engines/CompilerEngine.php(59): Illuminate\View\Engines\PhpEngine->evaluatePath('/Users/ivaylosh...', Array)
#1 /Users/ivaylosholekov/Sites/personal/fruitaway/web/app/themes/sage/vendor/illuminate/view/View.php(142): Illuminate\View\Engines\CompilerEngine->get('/Users/ivaylosh...', Array)
#2 /Users/ivaylosholekov/Sites/personal/fruitaway/web/app/themes/sage/vendor/illuminate/view/View.php(125): Illuminate\View\View->getContents()
#3 /Users/ivaylosholekov/Sites/personal/fruitaway/web/app/themes/sage/vendor/illuminate/view/View.php(90): Illuminate\View\View->renderContents()
#4 /Users/ivaylosholekov/Sites/personal/fruitaway/web/app/uploads/cache/c0d40266e5687745d60860a9e2e1eda251fb7bb8.php(20): Ill in /Users/ivaylosholekov/Sites/personal/fruitaway/web/app/uploads/cache/1020ef2b529471fe24d00a965410a931fae79b64.php on line 14

2019-07-19T10:13:56+00:00 CRITICAL Uncaught Symfony\Component\Debug\Exception\FatalThrowableError: syntax error, unexpected ':', expecting '(' in /Users/ivaylosholekov/Sites/personal/fruitaway/web/app/uploads/cache/1020ef2b529471fe24d00a965410a931fae79b64.php:15
Stack trace:
#0 /Users/ivaylosholekov/Sites/personal/fruitaway/web/app/themes/sage/vendor/illuminate/view/Engines/CompilerEngine.php(59): Illuminate\View\Engines\PhpEngine->evaluatePath('/Users/ivaylosh...', Array)
#1 /Users/ivaylosholekov/Sites/personal/fruitaway/web/app/themes/sage/vendor/illuminate/view/View.php(142): Illuminate\View\Engines\CompilerEngine->get('/Users/ivaylosh...', Array)
#2 /Users/ivaylosholekov/Sites/personal/fruitaway/web/app/themes/sage/vendor/illuminate/view/View.php(125): Illuminate\View\View->getContents()
#3 /Users/ivaylosholekov/Sites/personal/fruitaway/web/app/themes/sage/vendor/illuminate/view/View.php(90): Illuminate\View\View->renderContents()
#4 /Users/ivaylosholekov/Sites/personal/fruitaway/web/app/uploads/cache/c0d40266e5687745d60860a9e2e1eda251fb7b in /Users/ivaylosholekov/Sites/personal/fruitaway/web/app/uploads/cache/1020ef2b529471fe24d00a965410a931fae79b64.php on line 15

2019-07-19T10:13:56+00:00 CRITICAL Uncaught Symfony\Component\Debug\Exception\FatalThrowableError: syntax error, unexpected ':', expecting '(' in /Users/ivaylosholekov/Sites/personal/fruitaway/web/app/uploads/cache/1020ef2b529471fe24d00a965410a931fae79b64.php:15
Stack trace:
#0 /Users/ivaylosholekov/Sites/personal/fruitaway/web/app/themes/sage/vendor/illuminate/view/Engines/CompilerEngine.php(59): Illuminate\View\Engines\PhpEngine->evaluatePath('/Users/ivaylosh...', Array)
#1 /Users/ivaylosholekov/Sites/personal/fruitaway/web/app/themes/sage/vendor/illuminate/view/View.php(142): Illuminate\View\Engines\CompilerEngine->get('/Users/ivaylosh...', Array)
#2 /Users/ivaylosholekov/Sites/personal/fruitaway/web/app/themes/sage/vendor/illuminate/view/View.php(125): Illuminate\View\View->getContents()
#3 /Users/ivaylosholekov/Sites/personal/fruitaway/web/app/themes/sage/vendor/illuminate/view/View.php(90): Illuminate\View\View->renderContents()
#4 /Users/ivaylosholekov/Sites/personal/fruitaway/web/app/uploads/cache/c0d40266e5687745d60860a9e2e1eda251fb7b in /Users/ivaylosholekov/Sites/personal/fruitaway/web/app/uploads/cache/1020ef2b529471fe24d00a965410a931fae79b64.php on line 15

2019-07-19T10:13:57+00:00 CRITICAL Uncaught Symfony\Component\Debug\Exception\FatalThrowableError: syntax error, unexpected ':', expecting '(' in /Users/ivaylosholekov/Sites/personal/fruitaway/web/app/uploads/cache/1020ef2b529471fe24d00a965410a931fae79b64.php:15
Stack trace:
#0 /Users/ivaylosholekov/Sites/personal/fruitaway/web/app/themes/sage/vendor/illuminate/view/Engines/CompilerEngine.php(59): Illuminate\View\Engines\PhpEngine->evaluatePath('/Users/ivaylosh...', Array)
#1 /Users/ivaylosholekov/Sites/personal/fruitaway/web/app/themes/sage/vendor/illuminate/view/View.php(142): Illuminate\View\Engines\CompilerEngine->get('/Users/ivaylosh...', Array)
#2 /Users/ivaylosholekov/Sites/personal/fruitaway/web/app/themes/sage/vendor/illuminate/view/View.php(125): Illuminate\View\View->getContents()
#3 /Users/ivaylosholekov/Sites/personal/fruitaway/web/app/themes/sage/vendor/illuminate/view/View.php(90): Illuminate\View\View->renderContents()
#4 /Users/ivaylosholekov/Sites/personal/fruitaway/web/app/uploads/cache/c0d40266e5687745d60860a9e2e1eda251fb7b in /Users/ivaylosholekov/Sites/personal/fruitaway/web/app/uploads/cache/1020ef2b529471fe24d00a965410a931fae79b64.php on line 15

2019-07-19T11:21:46+00:00 CRITICAL Uncaught Symfony\Component\Debug\Exception\FatalThrowableError: Call to undefined method WC_Product_Simple::is_product_tag() in /Users/ivaylosholekov/Sites/personal/fruitaway/web/app/mu-plugins/woocommerce-edit/woocommerce-edit.php:53
Stack trace:
#0 /Users/ivaylosholekov/Sites/personal/fruitaway/web/wp/wp-includes/class-wp-hook.php(288): Roots\Bedrock\Autoloader::{closure}('<a href="/perso...', Object(WC_Product_Simple))
#1 /Users/ivaylosholekov/Sites/personal/fruitaway/web/wp/wp-includes/plugin.php(208): WP_Hook->apply_filters('<a href="/perso...', Array)
#2 /Users/ivaylosholekov/Sites/personal/fruitaway/web/app/plugins/woocommerce/templates/loop/add-to-cart.php(32): apply_filters('woocommerce_loo...', '<a href="/perso...', Object(WC_Product_Simple), Array)
#3 /Users/ivaylosholekov/Sites/personal/fruitaway/web/app/plugins/woocommerce/includes/wc-core-functions.php(249): include('/Users/ivaylosh...')
#4 /Users/ivaylosholekov/Sites/personal/fruitaway/web/app/plugins/woocommerce/includes/wc-template-functions. in /Users/ivaylosholekov/Sites/personal/fruitaway/web/app/mu-plugins/woocommerce-edit/woocommerce-edit.php on line 53

2019-07-19T11:21:55+00:00 CRITICAL Uncaught Symfony\Component\Debug\Exception\FatalThrowableError: Call to undefined method WC_Product_Simple::is_product_tag() in /Users/ivaylosholekov/Sites/personal/fruitaway/web/app/mu-plugins/woocommerce-edit/woocommerce-edit.php:54
Stack trace:
#0 /Users/ivaylosholekov/Sites/personal/fruitaway/web/wp/wp-includes/class-wp-hook.php(288): Roots\Bedrock\Autoloader::{closure}('<a href="/perso...', Object(WC_Product_Simple))
#1 /Users/ivaylosholekov/Sites/personal/fruitaway/web/wp/wp-includes/plugin.php(208): WP_Hook->apply_filters('<a href="/perso...', Array)
#2 /Users/ivaylosholekov/Sites/personal/fruitaway/web/app/plugins/woocommerce/templates/loop/add-to-cart.php(32): apply_filters('woocommerce_loo...', '<a href="/perso...', Object(WC_Product_Simple), Array)
#3 /Users/ivaylosholekov/Sites/personal/fruitaway/web/app/plugins/woocommerce/includes/wc-core-functions.php(249): include('/Users/ivaylosh...')
#4 /Users/ivaylosholekov/Sites/personal/fruitaway/web/app/plugins/woocommerce/includes/wc-template-functions. in /Users/ivaylosholekov/Sites/personal/fruitaway/web/app/mu-plugins/woocommerce-edit/woocommerce-edit.php on line 54

2019-07-19T11:21:56+00:00 CRITICAL Uncaught Symfony\Component\Debug\Exception\FatalThrowableError: Call to undefined method WC_Product_Simple::is_product_tag() in /Users/ivaylosholekov/Sites/personal/fruitaway/web/app/mu-plugins/woocommerce-edit/woocommerce-edit.php:54
Stack trace:
#0 /Users/ivaylosholekov/Sites/personal/fruitaway/web/wp/wp-includes/class-wp-hook.php(288): Roots\Bedrock\Autoloader::{closure}('<a href="/perso...', Object(WC_Product_Simple))
#1 /Users/ivaylosholekov/Sites/personal/fruitaway/web/wp/wp-includes/plugin.php(208): WP_Hook->apply_filters('<a href="/perso...', Array)
#2 /Users/ivaylosholekov/Sites/personal/fruitaway/web/app/plugins/woocommerce/templates/loop/add-to-cart.php(32): apply_filters('woocommerce_loo...', '<a href="/perso...', Object(WC_Product_Simple), Array)
#3 /Users/ivaylosholekov/Sites/personal/fruitaway/web/app/plugins/woocommerce/includes/wc-core-functions.php(249): include('/Users/ivaylosh...')
#4 /Users/ivaylosholekov/Sites/personal/fruitaway/web/app/plugins/woocommerce/includes/wc-template-functions. in /Users/ivaylosholekov/Sites/personal/fruitaway/web/app/mu-plugins/woocommerce-edit/woocommerce-edit.php on line 54

2019-07-19T11:40:54+00:00 CRITICAL Uncaught Symfony\Component\Debug\Exception\FatalThrowableError: syntax error, unexpected 'id' (T_STRING) in /Users/ivaylosholekov/Sites/personal/fruitaway/web/app/uploads/cache/9ba4a74cb56ca35f8e556c61fc3e334b01b75c4f.php:45
Stack trace:
#0 /Users/ivaylosholekov/Sites/personal/fruitaway/web/app/themes/sage/vendor/illuminate/view/Engines/CompilerEngine.php(59): Illuminate\View\Engines\PhpEngine->evaluatePath('/Users/ivaylosh...', Array)
#1 /Users/ivaylosholekov/Sites/personal/fruitaway/web/app/themes/sage/vendor/illuminate/view/View.php(142): Illuminate\View\Engines\CompilerEngine->get('/Users/ivaylosh...', Array)
#2 /Users/ivaylosholekov/Sites/personal/fruitaway/web/app/themes/sage/vendor/illuminate/view/View.php(125): Illuminate\View\View->getContents()
#3 /Users/ivaylosholekov/Sites/personal/fruitaway/web/app/themes/sage/vendor/illuminate/view/View.php(90): Illuminate\View\View->renderContents()
#4 /Users/ivaylosholekov/Sites/personal/fruitaway/web/app/themes/sage/vendor/roots/sage-lib/Template/Blade.php(58 in /Users/ivaylosholekov/Sites/personal/fruitaway/web/app/uploads/cache/9ba4a74cb56ca35f8e556c61fc3e334b01b75c4f.php on line 45

2019-07-19T11:40:57+00:00 CRITICAL Uncaught Symfony\Component\Debug\Exception\FatalThrowableError: syntax error, unexpected '')' (T_CONSTANT_ENCAPSED_STRING) in /Users/ivaylosholekov/Sites/personal/fruitaway/web/app/uploads/cache/9ba4a74cb56ca35f8e556c61fc3e334b01b75c4f.php:45
Stack trace:
#0 /Users/ivaylosholekov/Sites/personal/fruitaway/web/app/themes/sage/vendor/illuminate/view/Engines/CompilerEngine.php(59): Illuminate\View\Engines\PhpEngine->evaluatePath('/Users/ivaylosh...', Array)
#1 /Users/ivaylosholekov/Sites/personal/fruitaway/web/app/themes/sage/vendor/illuminate/view/View.php(142): Illuminate\View\Engines\CompilerEngine->get('/Users/ivaylosh...', Array)
#2 /Users/ivaylosholekov/Sites/personal/fruitaway/web/app/themes/sage/vendor/illuminate/view/View.php(125): Illuminate\View\View->getContents()
#3 /Users/ivaylosholekov/Sites/personal/fruitaway/web/app/themes/sage/vendor/illuminate/view/View.php(90): Illuminate\View\View->renderContents()
#4 /Users/ivaylosholekov/Sites/personal/fruitaway/web/app/themes/sage/vendor/roots/sage-lib/Tem in /Users/ivaylosholekov/Sites/personal/fruitaway/web/app/uploads/cache/9ba4a74cb56ca35f8e556c61fc3e334b01b75c4f.php on line 45

2019-07-19T11:40:59+00:00 CRITICAL Uncaught Symfony\Component\Debug\Exception\FatalThrowableError: syntax error, unexpected '')' (T_CONSTANT_ENCAPSED_STRING) in /Users/ivaylosholekov/Sites/personal/fruitaway/web/app/uploads/cache/9ba4a74cb56ca35f8e556c61fc3e334b01b75c4f.php:45
Stack trace:
#0 /Users/ivaylosholekov/Sites/personal/fruitaway/web/app/themes/sage/vendor/illuminate/view/Engines/CompilerEngine.php(59): Illuminate\View\Engines\PhpEngine->evaluatePath('/Users/ivaylosh...', Array)
#1 /Users/ivaylosholekov/Sites/personal/fruitaway/web/app/themes/sage/vendor/illuminate/view/View.php(142): Illuminate\View\Engines\CompilerEngine->get('/Users/ivaylosh...', Array)
#2 /Users/ivaylosholekov/Sites/personal/fruitaway/web/app/themes/sage/vendor/illuminate/view/View.php(125): Illuminate\View\View->getContents()
#3 /Users/ivaylosholekov/Sites/personal/fruitaway/web/app/themes/sage/vendor/illuminate/view/View.php(90): Illuminate\View\View->renderContents()
#4 /Users/ivaylosholekov/Sites/personal/fruitaway/web/app/themes/sage/vendor/roots/sage-lib/Tem in /Users/ivaylosholekov/Sites/personal/fruitaway/web/app/uploads/cache/9ba4a74cb56ca35f8e556c61fc3e334b01b75c4f.php on line 45

2019-07-19T11:41:00+00:00 CRITICAL Uncaught Symfony\Component\Debug\Exception\FatalThrowableError: syntax error, unexpected '')' (T_CONSTANT_ENCAPSED_STRING) in /Users/ivaylosholekov/Sites/personal/fruitaway/web/app/uploads/cache/9ba4a74cb56ca35f8e556c61fc3e334b01b75c4f.php:45
Stack trace:
#0 /Users/ivaylosholekov/Sites/personal/fruitaway/web/app/themes/sage/vendor/illuminate/view/Engines/CompilerEngine.php(59): Illuminate\View\Engines\PhpEngine->evaluatePath('/Users/ivaylosh...', Array)
#1 /Users/ivaylosholekov/Sites/personal/fruitaway/web/app/themes/sage/vendor/illuminate/view/View.php(142): Illuminate\View\Engines\CompilerEngine->get('/Users/ivaylosh...', Array)
#2 /Users/ivaylosholekov/Sites/personal/fruitaway/web/app/themes/sage/vendor/illuminate/view/View.php(125): Illuminate\View\View->getContents()
#3 /Users/ivaylosholekov/Sites/personal/fruitaway/web/app/themes/sage/vendor/illuminate/view/View.php(90): Illuminate\View\View->renderContents()
#4 /Users/ivaylosholekov/Sites/personal/fruitaway/web/app/themes/sage/vendor/roots/sage-lib/Tem in /Users/ivaylosholekov/Sites/personal/fruitaway/web/app/uploads/cache/9ba4a74cb56ca35f8e556c61fc3e334b01b75c4f.php on line 45

2019-07-19T11:45:34+00:00 CRITICAL Uncaught Symfony\Component\Debug\Exception\FatalThrowableError: syntax error, unexpected '$GLOBALS' (T_VARIABLE) in /Users/ivaylosholekov/Sites/personal/fruitaway/web/app/uploads/cache/2305c892eaa2de9f401163a09d400ddea39e2165.php:83
Stack trace:
#0 /Users/ivaylosholekov/Sites/personal/fruitaway/web/app/themes/sage/vendor/illuminate/view/Engines/CompilerEngine.php(59): Illuminate\View\Engines\PhpEngine->evaluatePath('/Users/ivaylosh...', Array)
#1 /Users/ivaylosholekov/Sites/personal/fruitaway/web/app/themes/sage/vendor/illuminate/view/View.php(142): Illuminate\View\Engines\CompilerEngine->get('/Users/ivaylosh...', Array)
#2 /Users/ivaylosholekov/Sites/personal/fruitaway/web/app/themes/sage/vendor/illuminate/view/View.php(125): Illuminate\View\View->getContents()
#3 /Users/ivaylosholekov/Sites/personal/fruitaway/web/app/themes/sage/vendor/illuminate/view/View.php(90): Illuminate\View\View->renderContents()
#4 /Users/ivaylosholekov/Sites/personal/fruitaway/web/app/themes/sage/vendor/roots/sage-lib/Template/Blad in /Users/ivaylosholekov/Sites/personal/fruitaway/web/app/uploads/cache/2305c892eaa2de9f401163a09d400ddea39e2165.php on line 83

2019-07-19T11:45:34+00:00 CRITICAL Uncaught Symfony\Component\Debug\Exception\FatalThrowableError: syntax error, unexpected '$GLOBALS' (T_VARIABLE) in /Users/ivaylosholekov/Sites/personal/fruitaway/web/app/uploads/cache/2305c892eaa2de9f401163a09d400ddea39e2165.php:83
Stack trace:
#0 /Users/ivaylosholekov/Sites/personal/fruitaway/web/app/themes/sage/vendor/illuminate/view/Engines/CompilerEngine.php(59): Illuminate\View\Engines\PhpEngine->evaluatePath('/Users/ivaylosh...', Array)
#1 /Users/ivaylosholekov/Sites/personal/fruitaway/web/app/themes/sage/vendor/illuminate/view/View.php(142): Illuminate\View\Engines\CompilerEngine->get('/Users/ivaylosh...', Array)
#2 /Users/ivaylosholekov/Sites/personal/fruitaway/web/app/themes/sage/vendor/illuminate/view/View.php(125): Illuminate\View\View->getContents()
#3 /Users/ivaylosholekov/Sites/personal/fruitaway/web/app/themes/sage/vendor/illuminate/view/View.php(90): Illuminate\View\View->renderContents()
#4 /Users/ivaylosholekov/Sites/personal/fruitaway/web/app/themes/sage/vendor/roots/sage-lib/Template/Blad in /Users/ivaylosholekov/Sites/personal/fruitaway/web/app/uploads/cache/2305c892eaa2de9f401163a09d400ddea39e2165.php on line 83

2019-07-19T11:45:34+00:00 CRITICAL Uncaught Symfony\Component\Debug\Exception\FatalThrowableError: syntax error, unexpected '$GLOBALS' (T_VARIABLE) in /Users/ivaylosholekov/Sites/personal/fruitaway/web/app/uploads/cache/2305c892eaa2de9f401163a09d400ddea39e2165.php:83
Stack trace:
#0 /Users/ivaylosholekov/Sites/personal/fruitaway/web/app/themes/sage/vendor/illuminate/view/Engines/CompilerEngine.php(59): Illuminate\View\Engines\PhpEngine->evaluatePath('/Users/ivaylosh...', Array)
#1 /Users/ivaylosholekov/Sites/personal/fruitaway/web/app/themes/sage/vendor/illuminate/view/View.php(142): Illuminate\View\Engines\CompilerEngine->get('/Users/ivaylosh...', Array)
#2 /Users/ivaylosholekov/Sites/personal/fruitaway/web/app/themes/sage/vendor/illuminate/view/View.php(125): Illuminate\View\View->getContents()
#3 /Users/ivaylosholekov/Sites/personal/fruitaway/web/app/themes/sage/vendor/illuminate/view/View.php(90): Illuminate\View\View->renderContents()
#4 /Users/ivaylosholekov/Sites/personal/fruitaway/web/app/themes/sage/vendor/roots/sage-lib/Template/Blad in /Users/ivaylosholekov/Sites/personal/fruitaway/web/app/uploads/cache/2305c892eaa2de9f401163a09d400ddea39e2165.php on line 83

2019-07-19T13:29:36+00:00 CRITICAL syntax error, unexpected 'jk_woocommerce_breadcrumbs' (T_STRING), expecting '(' in /Users/ivaylosholekov/Sites/personal/fruitaway/web/app/themes/sage/app/filters.php on line 141

2019-07-19T13:31:21+00:00 CRITICAL syntax error, unexpected ',' in /Users/ivaylosholekov/Sites/personal/fruitaway/web/app/themes/sage/app/filters.php on line 148

2019-07-19T13:32:58+00:00 CRITICAL syntax error, unexpected 'remove_last_woocommerce_struct' (T_STRING), expecting '(' in /Users/ivaylosholekov/Sites/personal/fruitaway/web/app/themes/sage/app/filters.php on line 151

2019-07-19T13:33:00+00:00 CRITICAL syntax error, unexpected 'remove_last_woocommerce_struct' (T_STRING), expecting '(' in /Users/ivaylosholekov/Sites/personal/fruitaway/web/app/themes/sage/app/filters.php on line 151

2019-07-19T13:33:00+00:00 CRITICAL syntax error, unexpected 'remove_last_woocommerce_struct' (T_STRING), expecting '(' in /Users/ivaylosholekov/Sites/personal/fruitaway/web/app/themes/sage/app/filters.php on line 151

2019-07-19T13:33:00+00:00 CRITICAL syntax error, unexpected 'remove_last_woocommerce_struct' (T_STRING), expecting '(' in /Users/ivaylosholekov/Sites/personal/fruitaway/web/app/themes/sage/app/filters.php on line 151

2019-07-19T13:33:00+00:00 CRITICAL syntax error, unexpected 'remove_last_woocommerce_struct' (T_STRING), expecting '(' in /Users/ivaylosholekov/Sites/personal/fruitaway/web/app/themes/sage/app/filters.php on line 151

2019-07-19T13:33:54+00:00 CRITICAL syntax error, unexpected ';', expecting ',' or ')' in /Users/ivaylosholekov/Sites/personal/fruitaway/web/app/themes/sage/app/filters.php on line 150

2019-07-19T13:33:54+00:00 CRITICAL syntax error, unexpected ';', expecting ',' or ')' in /Users/ivaylosholekov/Sites/personal/fruitaway/web/app/themes/sage/app/filters.php on line 150

2019-07-19T13:33:55+00:00 CRITICAL syntax error, unexpected ';', expecting ',' or ')' in /Users/ivaylosholekov/Sites/personal/fruitaway/web/app/themes/sage/app/filters.php on line 150

2019-07-19T13:55:55+00:00 CRITICAL Uncaught Symfony\Component\Debug\Exception\FatalThrowableError: syntax error, unexpected ',' in /Users/ivaylosholekov/Sites/personal/fruitaway/web/app/uploads/cache/499bb87b96778c9bc445aae45157ed08afbefbd0.php:89
Stack trace:
#0 /Users/ivaylosholekov/Sites/personal/fruitaway/web/app/themes/sage/vendor/illuminate/view/Engines/CompilerEngine.php(59): Illuminate\View\Engines\PhpEngine->evaluatePath('/Users/ivaylosh...', Array)
#1 /Users/ivaylosholekov/Sites/personal/fruitaway/web/app/themes/sage/vendor/illuminate/view/View.php(142): Illuminate\View\Engines\CompilerEngine->get('/Users/ivaylosh...', Array)
#2 /Users/ivaylosholekov/Sites/personal/fruitaway/web/app/themes/sage/vendor/illuminate/view/View.php(125): Illuminate\View\View->getContents()
#3 /Users/ivaylosholekov/Sites/personal/fruitaway/web/app/themes/sage/vendor/illuminate/view/View.php(90): Illuminate\View\View->renderContents()
#4 /Users/ivaylosholekov/Sites/personal/fruitaway/web/app/themes/sage/vendor/roots/sage-lib/Template/Blade.php(58): Illuminat in /Users/ivaylosholekov/Sites/personal/fruitaway/web/app/uploads/cache/499bb87b96778c9bc445aae45157ed08afbefbd0.php on line 89

2019-07-19T13:56:03+00:00 CRITICAL Uncaught Symfony\Component\Debug\Exception\FatalThrowableError: syntax error, unexpected ',' in /Users/ivaylosholekov/Sites/personal/fruitaway/web/app/uploads/cache/499bb87b96778c9bc445aae45157ed08afbefbd0.php:89
Stack trace:
#0 /Users/ivaylosholekov/Sites/personal/fruitaway/web/app/themes/sage/vendor/illuminate/view/Engines/CompilerEngine.php(59): Illuminate\View\Engines\PhpEngine->evaluatePath('/Users/ivaylosh...', Array)
#1 /Users/ivaylosholekov/Sites/personal/fruitaway/web/app/themes/sage/vendor/illuminate/view/View.php(142): Illuminate\View\Engines\CompilerEngine->get('/Users/ivaylosh...', Array)
#2 /Users/ivaylosholekov/Sites/personal/fruitaway/web/app/themes/sage/vendor/illuminate/view/View.php(125): Illuminate\View\View->getContents()
#3 /Users/ivaylosholekov/Sites/personal/fruitaway/web/app/themes/sage/vendor/illuminate/view/View.php(90): Illuminate\View\View->renderContents()
#4 /Users/ivaylosholekov/Sites/personal/fruitaway/web/app/themes/sage/vendor/roots/sage-lib/Template/Blade.php(58): Illuminat in /Users/ivaylosholekov/Sites/personal/fruitaway/web/app/uploads/cache/499bb87b96778c9bc445aae45157ed08afbefbd0.php on line 89

2019-07-19T13:56:04+00:00 CRITICAL Uncaught Symfony\Component\Debug\Exception\FatalThrowableError: syntax error, unexpected ',' in /Users/ivaylosholekov/Sites/personal/fruitaway/web/app/uploads/cache/499bb87b96778c9bc445aae45157ed08afbefbd0.php:89
Stack trace:
#0 /Users/ivaylosholekov/Sites/personal/fruitaway/web/app/themes/sage/vendor/illuminate/view/Engines/CompilerEngine.php(59): Illuminate\View\Engines\PhpEngine->evaluatePath('/Users/ivaylosh...', Array)
#1 /Users/ivaylosholekov/Sites/personal/fruitaway/web/app/themes/sage/vendor/illuminate/view/View.php(142): Illuminate\View\Engines\CompilerEngine->get('/Users/ivaylosh...', Array)
#2 /Users/ivaylosholekov/Sites/personal/fruitaway/web/app/themes/sage/vendor/illuminate/view/View.php(125): Illuminate\View\View->getContents()
#3 /Users/ivaylosholekov/Sites/personal/fruitaway/web/app/themes/sage/vendor/illuminate/view/View.php(90): Illuminate\View\View->renderContents()
#4 /Users/ivaylosholekov/Sites/personal/fruitaway/web/app/themes/sage/vendor/roots/sage-lib/Template/Blade.php(58): Illuminat in /Users/ivaylosholekov/Sites/personal/fruitaway/web/app/uploads/cache/499bb87b96778c9bc445aae45157ed08afbefbd0.php on line 89

2019-07-19T14:01:03+00:00 CRITICAL syntax error, unexpected 'public' (T_PUBLIC) in /Users/ivaylosholekov/Sites/personal/fruitaway/web/app/themes/sage/app/filters.php on line 152

2019-07-19T14:01:09+00:00 CRITICAL syntax error, unexpected 'public' (T_PUBLIC) in /Users/ivaylosholekov/Sites/personal/fruitaway/web/app/themes/sage/app/filters.php on line 152

2019-07-19T14:01:09+00:00 CRITICAL syntax error, unexpected 'public' (T_PUBLIC) in /Users/ivaylosholekov/Sites/personal/fruitaway/web/app/themes/sage/app/filters.php on line 152

2019-07-19T14:28:19+00:00 CRITICAL Uncaught Symfony\Component\Debug\Exception\FatalThrowableError: syntax error, unexpected end of file, expecting elseif (T_ELSEIF) or else (T_ELSE) or endif (T_ENDIF) in /Users/ivaylosholekov/Sites/personal/fruitaway/web/app/uploads/cache/c0d40266e5687745d60860a9e2e1eda251fb7bb8.php:32
Stack trace:
#0 /Users/ivaylosholekov/Sites/personal/fruitaway/web/app/themes/sage/vendor/illuminate/view/Engines/CompilerEngine.php(59): Illuminate\View\Engines\PhpEngine->evaluatePath('/Users/ivaylosh...', Array)
#1 /Users/ivaylosholekov/Sites/personal/fruitaway/web/app/themes/sage/vendor/illuminate/view/View.php(142): Illuminate\View\Engines\CompilerEngine->get('/Users/ivaylosh...', Array)
#2 /Users/ivaylosholekov/Sites/personal/fruitaway/web/app/themes/sage/vendor/illuminate/view/View.php(125): Illuminate\View\View->getContents()
#3 /Users/ivaylosholekov/Sites/personal/fruitaway/web/app/themes/sage/vendor/illuminate/view/View.php(90): Illuminate\View\View->renderContents()
#4 /Users/ivaylosholekov/Sites/personal/fruitaway/we in /Users/ivaylosholekov/Sites/personal/fruitaway/web/app/uploads/cache/c0d40266e5687745d60860a9e2e1eda251fb7bb8.php on line 32

2019-07-19T14:28:19+00:00 CRITICAL Uncaught Symfony\Component\Debug\Exception\FatalThrowableError: syntax error, unexpected end of file, expecting elseif (T_ELSEIF) or else (T_ELSE) or endif (T_ENDIF) in /Users/ivaylosholekov/Sites/personal/fruitaway/web/app/uploads/cache/c0d40266e5687745d60860a9e2e1eda251fb7bb8.php:32
Stack trace:
#0 /Users/ivaylosholekov/Sites/personal/fruitaway/web/app/themes/sage/vendor/illuminate/view/Engines/CompilerEngine.php(59): Illuminate\View\Engines\PhpEngine->evaluatePath('/Users/ivaylosh...', Array)
#1 /Users/ivaylosholekov/Sites/personal/fruitaway/web/app/themes/sage/vendor/illuminate/view/View.php(142): Illuminate\View\Engines\CompilerEngine->get('/Users/ivaylosh...', Array)
#2 /Users/ivaylosholekov/Sites/personal/fruitaway/web/app/themes/sage/vendor/illuminate/view/View.php(125): Illuminate\View\View->getContents()
#3 /Users/ivaylosholekov/Sites/personal/fruitaway/web/app/themes/sage/vendor/illuminate/view/View.php(90): Illuminate\View\View->renderContents()
#4 /Users/ivaylosholekov/Sites/personal/fruitaway/we in /Users/ivaylosholekov/Sites/personal/fruitaway/web/app/uploads/cache/c0d40266e5687745d60860a9e2e1eda251fb7bb8.php on line 32

2019-07-19T14:28:20+00:00 CRITICAL Uncaught Symfony\Component\Debug\Exception\FatalThrowableError: syntax error, unexpected end of file, expecting elseif (T_ELSEIF) or else (T_ELSE) or endif (T_ENDIF) in /Users/ivaylosholekov/Sites/personal/fruitaway/web/app/uploads/cache/c0d40266e5687745d60860a9e2e1eda251fb7bb8.php:32
Stack trace:
#0 /Users/ivaylosholekov/Sites/personal/fruitaway/web/app/themes/sage/vendor/illuminate/view/Engines/CompilerEngine.php(59): Illuminate\View\Engines\PhpEngine->evaluatePath('/Users/ivaylosh...', Array)
#1 /Users/ivaylosholekov/Sites/personal/fruitaway/web/app/themes/sage/vendor/illuminate/view/View.php(142): Illuminate\View\Engines\CompilerEngine->get('/Users/ivaylosh...', Array)
#2 /Users/ivaylosholekov/Sites/personal/fruitaway/web/app/themes/sage/vendor/illuminate/view/View.php(125): Illuminate\View\View->getContents()
#3 /Users/ivaylosholekov/Sites/personal/fruitaway/web/app/themes/sage/vendor/illuminate/view/View.php(90): Illuminate\View\View->renderContents()
#4 /Users/ivaylosholekov/Sites/personal/fruitaway/we in /Users/ivaylosholekov/Sites/personal/fruitaway/web/app/uploads/cache/c0d40266e5687745d60860a9e2e1eda251fb7bb8.php on line 32

2019-07-19T14:30:22+00:00 CRITICAL Uncaught Symfony\Component\Debug\Exception\FatalThrowableError: syntax error, unexpected end of file, expecting elseif (T_ELSEIF) or else (T_ELSE) or endif (T_ENDIF) in /Users/ivaylosholekov/Sites/personal/fruitaway/web/app/uploads/cache/c0d40266e5687745d60860a9e2e1eda251fb7bb8.php:33
Stack trace:
#0 /Users/ivaylosholekov/Sites/personal/fruitaway/web/app/themes/sage/vendor/illuminate/view/Engines/CompilerEngine.php(59): Illuminate\View\Engines\PhpEngine->evaluatePath('/Users/ivaylosh...', Array)
#1 /Users/ivaylosholekov/Sites/personal/fruitaway/web/app/themes/sage/vendor/illuminate/view/View.php(142): Illuminate\View\Engines\CompilerEngine->get('/Users/ivaylosh...', Array)
#2 /Users/ivaylosholekov/Sites/personal/fruitaway/web/app/themes/sage/vendor/illuminate/view/View.php(125): Illuminate\View\View->getContents()
#3 /Users/ivaylosholekov/Sites/personal/fruitaway/web/app/themes/sage/vendor/illuminate/view/View.php(90): Illuminate\View\View->renderContents()
#4 /Users/ivaylosholekov/Sites/personal/fruitaway/we in /Users/ivaylosholekov/Sites/personal/fruitaway/web/app/uploads/cache/c0d40266e5687745d60860a9e2e1eda251fb7bb8.php on line 33

2019-07-19T14:33:05+00:00 CRITICAL Uncaught Symfony\Component\Debug\Exception\FatalThrowableError: syntax error, unexpected end of file, expecting elseif (T_ELSEIF) or else (T_ELSE) or endif (T_ENDIF) in /Users/ivaylosholekov/Sites/personal/fruitaway/web/app/uploads/cache/c0d40266e5687745d60860a9e2e1eda251fb7bb8.php:33
Stack trace:
#0 /Users/ivaylosholekov/Sites/personal/fruitaway/web/app/themes/sage/vendor/illuminate/view/Engines/CompilerEngine.php(59): Illuminate\View\Engines\PhpEngine->evaluatePath('/Users/ivaylosh...', Array)
#1 /Users/ivaylosholekov/Sites/personal/fruitaway/web/app/themes/sage/vendor/illuminate/view/View.php(142): Illuminate\View\Engines\CompilerEngine->get('/Users/ivaylosh...', Array)
#2 /Users/ivaylosholekov/Sites/personal/fruitaway/web/app/themes/sage/vendor/illuminate/view/View.php(125): Illuminate\View\View->getContents()
#3 /Users/ivaylosholekov/Sites/personal/fruitaway/web/app/themes/sage/vendor/illuminate/view/View.php(90): Illuminate\View\View->renderContents()
#4 /Users/ivaylosholekov/Sites/personal/fruitaway/we in /Users/ivaylosholekov/Sites/personal/fruitaway/web/app/uploads/cache/c0d40266e5687745d60860a9e2e1eda251fb7bb8.php on line 33

2019-07-19T14:36:37+00:00 CRITICAL syntax error, unexpected end of file in /Users/ivaylosholekov/Sites/personal/fruitaway/web/app/themes/sage/app/filters.php on line 220

2019-07-19T14:36:39+00:00 CRITICAL syntax error, unexpected end of file in /Users/ivaylosholekov/Sites/personal/fruitaway/web/app/themes/sage/app/filters.php on line 220

2019-07-19T14:36:39+00:00 CRITICAL syntax error, unexpected end of file in /Users/ivaylosholekov/Sites/personal/fruitaway/web/app/themes/sage/app/filters.php on line 220

2019-07-19T14:37:04+00:00 CRITICAL syntax error, unexpected '!' in /Users/ivaylosholekov/Sites/personal/fruitaway/web/app/themes/sage/app/filters.php on line 115

2019-07-19T14:43:03+00:00 CRITICAL syntax error, unexpected ',', expecting '{' in /Users/ivaylosholekov/Sites/personal/fruitaway/web/app/themes/sage/app/filters.php on line 115

2019-07-19T14:44:24+00:00 CRITICAL syntax error, unexpected '}' in /Users/ivaylosholekov/Sites/personal/fruitaway/web/app/themes/sage/app/filters.php on line 119

2019-07-19T14:44:47+00:00 CRITICAL Uncaught Symfony\Component\Debug\Exception\FatalThrowableError: syntax error, unexpected '@' in /Users/ivaylosholekov/Sites/personal/fruitaway/web/app/uploads/cache/c0d40266e5687745d60860a9e2e1eda251fb7bb8.php:24
Stack trace:
#0 /Users/ivaylosholekov/Sites/personal/fruitaway/web/app/themes/sage/vendor/illuminate/view/Engines/CompilerEngine.php(59): Illuminate\View\Engines\PhpEngine->evaluatePath('/Users/ivaylosh...', Array)
#1 /Users/ivaylosholekov/Sites/personal/fruitaway/web/app/themes/sage/vendor/illuminate/view/View.php(142): Illuminate\View\Engines\CompilerEngine->get('/Users/ivaylosh...', Array)
#2 /Users/ivaylosholekov/Sites/personal/fruitaway/web/app/themes/sage/vendor/illuminate/view/View.php(125): Illuminate\View\View->getContents()
#3 /Users/ivaylosholekov/Sites/personal/fruitaway/web/app/themes/sage/vendor/illuminate/view/View.php(90): Illuminate\View\View->renderContents()
#4 /Users/ivaylosholekov/Sites/personal/fruitaway/web/app/uploads/cache/4ebb59d2bf34d2b33aca666a9fe7ffb22106feee.php(22): Ill in /Users/ivaylosholekov/Sites/personal/fruitaway/web/app/uploads/cache/c0d40266e5687745d60860a9e2e1eda251fb7bb8.php on line 24

2019-07-19T14:44:47+00:00 CRITICAL Uncaught Symfony\Component\Debug\Exception\FatalThrowableError: syntax error, unexpected '@' in /Users/ivaylosholekov/Sites/personal/fruitaway/web/app/uploads/cache/c0d40266e5687745d60860a9e2e1eda251fb7bb8.php:24
Stack trace:
#0 /Users/ivaylosholekov/Sites/personal/fruitaway/web/app/themes/sage/vendor/illuminate/view/Engines/CompilerEngine.php(59): Illuminate\View\Engines\PhpEngine->evaluatePath('/Users/ivaylosh...', Array)
#1 /Users/ivaylosholekov/Sites/personal/fruitaway/web/app/themes/sage/vendor/illuminate/view/View.php(142): Illuminate\View\Engines\CompilerEngine->get('/Users/ivaylosh...', Array)
#2 /Users/ivaylosholekov/Sites/personal/fruitaway/web/app/themes/sage/vendor/illuminate/view/View.php(125): Illuminate\View\View->getContents()
#3 /Users/ivaylosholekov/Sites/personal/fruitaway/web/app/themes/sage/vendor/illuminate/view/View.php(90): Illuminate\View\View->renderContents()
#4 /Users/ivaylosholekov/Sites/personal/fruitaway/web/app/uploads/cache/4ebb59d2bf34d2b33aca666a9fe7ffb22106feee.php(22): Ill in /Users/ivaylosholekov/Sites/personal/fruitaway/web/app/uploads/cache/c0d40266e5687745d60860a9e2e1eda251fb7bb8.php on line 24

2019-07-19T14:44:48+00:00 CRITICAL Uncaught Symfony\Component\Debug\Exception\FatalThrowableError: syntax error, unexpected '@' in /Users/ivaylosholekov/Sites/personal/fruitaway/web/app/uploads/cache/c0d40266e5687745d60860a9e2e1eda251fb7bb8.php:24
Stack trace:
#0 /Users/ivaylosholekov/Sites/personal/fruitaway/web/app/themes/sage/vendor/illuminate/view/Engines/CompilerEngine.php(59): Illuminate\View\Engines\PhpEngine->evaluatePath('/Users/ivaylosh...', Array)
#1 /Users/ivaylosholekov/Sites/personal/fruitaway/web/app/themes/sage/vendor/illuminate/view/View.php(142): Illuminate\View\Engines\CompilerEngine->get('/Users/ivaylosh...', Array)
#2 /Users/ivaylosholekov/Sites/personal/fruitaway/web/app/themes/sage/vendor/illuminate/view/View.php(125): Illuminate\View\View->getContents()
#3 /Users/ivaylosholekov/Sites/personal/fruitaway/web/app/themes/sage/vendor/illuminate/view/View.php(90): Illuminate\View\View->renderContents()
#4 /Users/ivaylosholekov/Sites/personal/fruitaway/web/app/uploads/cache/4ebb59d2bf34d2b33aca666a9fe7ffb22106feee.php(22): Ill in /Users/ivaylosholekov/Sites/personal/fruitaway/web/app/uploads/cache/c0d40266e5687745d60860a9e2e1eda251fb7bb8.php on line 24

2019-07-19T14:44:50+00:00 CRITICAL Uncaught Symfony\Component\Debug\Exception\FatalThrowableError: Call to undefined function custom_woocommerce_related_product() in /Users/ivaylosholekov/Sites/personal/fruitaway/web/app/uploads/cache/c0d40266e5687745d60860a9e2e1eda251fb7bb8.php:26
Stack trace:
#0 /Users/ivaylosholekov/Sites/personal/fruitaway/web/app/themes/sage/vendor/illuminate/view/Engines/PhpEngine.php(43): include()
#1 /Users/ivaylosholekov/Sites/personal/fruitaway/web/app/themes/sage/vendor/illuminate/view/Engines/CompilerEngine.php(59): Illuminate\View\Engines\PhpEngine->evaluatePath('/Users/ivaylosh...', Array)
#2 /Users/ivaylosholekov/Sites/personal/fruitaway/web/app/themes/sage/vendor/illuminate/view/View.php(142): Illuminate\View\Engines\CompilerEngine->get('/Users/ivaylosh...', Array)
#3 /Users/ivaylosholekov/Sites/personal/fruitaway/web/app/themes/sage/vendor/illuminate/view/View.php(125): Illuminate\View\View->getContents()
#4 /Users/ivaylosholekov/Sites/personal/fruitaway/web/app/themes/sage/vendor/illuminate/view/View.php(90): in /Users/ivaylosholekov/Sites/personal/fruitaway/web/app/uploads/cache/c0d40266e5687745d60860a9e2e1eda251fb7bb8.php on line 26

2019-07-19T14:44:50+00:00 CRITICAL Uncaught Symfony\Component\Debug\Exception\FatalThrowableError: Call to undefined function custom_woocommerce_related_product() in /Users/ivaylosholekov/Sites/personal/fruitaway/web/app/uploads/cache/c0d40266e5687745d60860a9e2e1eda251fb7bb8.php:26
Stack trace:
#0 /Users/ivaylosholekov/Sites/personal/fruitaway/web/app/themes/sage/vendor/illuminate/view/Engines/PhpEngine.php(43): include()
#1 /Users/ivaylosholekov/Sites/personal/fruitaway/web/app/themes/sage/vendor/illuminate/view/Engines/CompilerEngine.php(59): Illuminate\View\Engines\PhpEngine->evaluatePath('/Users/ivaylosh...', Array)
#2 /Users/ivaylosholekov/Sites/personal/fruitaway/web/app/themes/sage/vendor/illuminate/view/View.php(142): Illuminate\View\Engines\CompilerEngine->get('/Users/ivaylosh...', Array)
#3 /Users/ivaylosholekov/Sites/personal/fruitaway/web/app/themes/sage/vendor/illuminate/view/View.php(125): Illuminate\View\View->getContents()
#4 /Users/ivaylosholekov/Sites/personal/fruitaway/web/app/themes/sage/vendor/illuminate/view/View.php(90): in /Users/ivaylosholekov/Sites/personal/fruitaway/web/app/uploads/cache/c0d40266e5687745d60860a9e2e1eda251fb7bb8.php on line 26

2019-07-19T14:44:59+00:00 CRITICAL Uncaught Symfony\Component\Debug\Exception\FatalThrowableError: Call to undefined function custom_woocommerce_related_product() in /Users/ivaylosholekov/Sites/personal/fruitaway/web/app/uploads/cache/c0d40266e5687745d60860a9e2e1eda251fb7bb8.php:24
Stack trace:
#0 /Users/ivaylosholekov/Sites/personal/fruitaway/web/app/themes/sage/vendor/illuminate/view/Engines/PhpEngine.php(43): include()
#1 /Users/ivaylosholekov/Sites/personal/fruitaway/web/app/themes/sage/vendor/illuminate/view/Engines/CompilerEngine.php(59): Illuminate\View\Engines\PhpEngine->evaluatePath('/Users/ivaylosh...', Array)
#2 /Users/ivaylosholekov/Sites/personal/fruitaway/web/app/themes/sage/vendor/illuminate/view/View.php(142): Illuminate\View\Engines\CompilerEngine->get('/Users/ivaylosh...', Array)
#3 /Users/ivaylosholekov/Sites/personal/fruitaway/web/app/themes/sage/vendor/illuminate/view/View.php(125): Illuminate\View\View->getContents()
#4 /Users/ivaylosholekov/Sites/personal/fruitaway/web/app/themes/sage/vendor/illuminate/view/View.php(90): in /Users/ivaylosholekov/Sites/personal/fruitaway/web/app/uploads/cache/c0d40266e5687745d60860a9e2e1eda251fb7bb8.php on line 24

2019-07-19T14:45:01+00:00 CRITICAL Uncaught Symfony\Component\Debug\Exception\FatalThrowableError: Call to undefined function custom_woocommerce_related_product() in /Users/ivaylosholekov/Sites/personal/fruitaway/web/app/uploads/cache/c0d40266e5687745d60860a9e2e1eda251fb7bb8.php:24
Stack trace:
#0 /Users/ivaylosholekov/Sites/personal/fruitaway/web/app/themes/sage/vendor/illuminate/view/Engines/PhpEngine.php(43): include()
#1 /Users/ivaylosholekov/Sites/personal/fruitaway/web/app/themes/sage/vendor/illuminate/view/Engines/CompilerEngine.php(59): Illuminate\View\Engines\PhpEngine->evaluatePath('/Users/ivaylosh...', Array)
#2 /Users/ivaylosholekov/Sites/personal/fruitaway/web/app/themes/sage/vendor/illuminate/view/View.php(142): Illuminate\View\Engines\CompilerEngine->get('/Users/ivaylosh...', Array)
#3 /Users/ivaylosholekov/Sites/personal/fruitaway/web/app/themes/sage/vendor/illuminate/view/View.php(125): Illuminate\View\View->getContents()
#4 /Users/ivaylosholekov/Sites/personal/fruitaway/web/app/themes/sage/vendor/illuminate/view/View.php(90): in /Users/ivaylosholekov/Sites/personal/fruitaway/web/app/uploads/cache/c0d40266e5687745d60860a9e2e1eda251fb7bb8.php on line 24

2019-07-19T14:45:13+00:00 CRITICAL Uncaught Symfony\Component\Debug\Exception\FatalThrowableError: Call to undefined function App\custom_woocommerce_related_product() in /Users/ivaylosholekov/Sites/personal/fruitaway/web/app/uploads/cache/c0d40266e5687745d60860a9e2e1eda251fb7bb8.php:24
Stack trace:
#0 /Users/ivaylosholekov/Sites/personal/fruitaway/web/app/themes/sage/vendor/illuminate/view/Engines/PhpEngine.php(43): include()
#1 /Users/ivaylosholekov/Sites/personal/fruitaway/web/app/themes/sage/vendor/illuminate/view/Engines/CompilerEngine.php(59): Illuminate\View\Engines\PhpEngine->evaluatePath('/Users/ivaylosh...', Array)
#2 /Users/ivaylosholekov/Sites/personal/fruitaway/web/app/themes/sage/vendor/illuminate/view/View.php(142): Illuminate\View\Engines\CompilerEngine->get('/Users/ivaylosh...', Array)
#3 /Users/ivaylosholekov/Sites/personal/fruitaway/web/app/themes/sage/vendor/illuminate/view/View.php(125): Illuminate\View\View->getContents()
#4 /Users/ivaylosholekov/Sites/personal/fruitaway/web/app/themes/sage/vendor/illuminate/view/View.php( in /Users/ivaylosholekov/Sites/personal/fruitaway/web/app/uploads/cache/c0d40266e5687745d60860a9e2e1eda251fb7bb8.php on line 24

2019-07-19T14:47:02+00:00 CRITICAL Uncaught Symfony\Component\Debug\Exception\FatalThrowableError: syntax error, unexpected '}', expecting end of file in /Users/ivaylosholekov/Sites/personal/fruitaway/web/app/uploads/cache/c0d40266e5687745d60860a9e2e1eda251fb7bb8.php:25
Stack trace:
#0 /Users/ivaylosholekov/Sites/personal/fruitaway/web/app/themes/sage/vendor/illuminate/view/Engines/CompilerEngine.php(59): Illuminate\View\Engines\PhpEngine->evaluatePath('/Users/ivaylosh...', Array)
#1 /Users/ivaylosholekov/Sites/personal/fruitaway/web/app/themes/sage/vendor/illuminate/view/View.php(142): Illuminate\View\Engines\CompilerEngine->get('/Users/ivaylosh...', Array)
#2 /Users/ivaylosholekov/Sites/personal/fruitaway/web/app/themes/sage/vendor/illuminate/view/View.php(125): Illuminate\View\View->getContents()
#3 /Users/ivaylosholekov/Sites/personal/fruitaway/web/app/themes/sage/vendor/illuminate/view/View.php(90): Illuminate\View\View->renderContents()
#4 /Users/ivaylosholekov/Sites/personal/fruitaway/web/app/uploads/cache/4ebb59d2bf34d2b33aca666a9fe7ff in /Users/ivaylosholekov/Sites/personal/fruitaway/web/app/uploads/cache/c0d40266e5687745d60860a9e2e1eda251fb7bb8.php on line 25

2019-07-19T14:47:06+00:00 CRITICAL Uncaught Symfony\Component\Debug\Exception\FatalThrowableError: syntax error, unexpected end of file, expecting elseif (T_ELSEIF) or else (T_ELSE) or endif (T_ENDIF) in /Users/ivaylosholekov/Sites/personal/fruitaway/web/app/uploads/cache/c0d40266e5687745d60860a9e2e1eda251fb7bb8.php:33
Stack trace:
#0 /Users/ivaylosholekov/Sites/personal/fruitaway/web/app/themes/sage/vendor/illuminate/view/Engines/CompilerEngine.php(59): Illuminate\View\Engines\PhpEngine->evaluatePath('/Users/ivaylosh...', Array)
#1 /Users/ivaylosholekov/Sites/personal/fruitaway/web/app/themes/sage/vendor/illuminate/view/View.php(142): Illuminate\View\Engines\CompilerEngine->get('/Users/ivaylosh...', Array)
#2 /Users/ivaylosholekov/Sites/personal/fruitaway/web/app/themes/sage/vendor/illuminate/view/View.php(125): Illuminate\View\View->getContents()
#3 /Users/ivaylosholekov/Sites/personal/fruitaway/web/app/themes/sage/vendor/illuminate/view/View.php(90): Illuminate\View\View->renderContents()
#4 /Users/ivaylosholekov/Sites/personal/fruitaway/we in /Users/ivaylosholekov/Sites/personal/fruitaway/web/app/uploads/cache/c0d40266e5687745d60860a9e2e1eda251fb7bb8.php on line 33

2019-07-19T14:47:08+00:00 CRITICAL Uncaught Symfony\Component\Debug\Exception\FatalThrowableError: syntax error, unexpected end of file, expecting elseif (T_ELSEIF) or else (T_ELSE) or endif (T_ENDIF) in /Users/ivaylosholekov/Sites/personal/fruitaway/web/app/uploads/cache/c0d40266e5687745d60860a9e2e1eda251fb7bb8.php:33
Stack trace:
#0 /Users/ivaylosholekov/Sites/personal/fruitaway/web/app/themes/sage/vendor/illuminate/view/Engines/CompilerEngine.php(59): Illuminate\View\Engines\PhpEngine->evaluatePath('/Users/ivaylosh...', Array)
#1 /Users/ivaylosholekov/Sites/personal/fruitaway/web/app/themes/sage/vendor/illuminate/view/View.php(142): Illuminate\View\Engines\CompilerEngine->get('/Users/ivaylosh...', Array)
#2 /Users/ivaylosholekov/Sites/personal/fruitaway/web/app/themes/sage/vendor/illuminate/view/View.php(125): Illuminate\View\View->getContents()
#3 /Users/ivaylosholekov/Sites/personal/fruitaway/web/app/themes/sage/vendor/illuminate/view/View.php(90): Illuminate\View\View->renderContents()
#4 /Users/ivaylosholekov/Sites/personal/fruitaway/we in /Users/ivaylosholekov/Sites/personal/fruitaway/web/app/uploads/cache/c0d40266e5687745d60860a9e2e1eda251fb7bb8.php on line 33

2019-07-19T14:47:09+00:00 CRITICAL Uncaught Symfony\Component\Debug\Exception\FatalThrowableError: syntax error, unexpected end of file, expecting elseif (T_ELSEIF) or else (T_ELSE) or endif (T_ENDIF) in /Users/ivaylosholekov/Sites/personal/fruitaway/web/app/uploads/cache/c0d40266e5687745d60860a9e2e1eda251fb7bb8.php:33
Stack trace:
#0 /Users/ivaylosholekov/Sites/personal/fruitaway/web/app/themes/sage/vendor/illuminate/view/Engines/CompilerEngine.php(59): Illuminate\View\Engines\PhpEngine->evaluatePath('/Users/ivaylosh...', Array)
#1 /Users/ivaylosholekov/Sites/personal/fruitaway/web/app/themes/sage/vendor/illuminate/view/View.php(142): Illuminate\View\Engines\CompilerEngine->get('/Users/ivaylosh...', Array)
#2 /Users/ivaylosholekov/Sites/personal/fruitaway/web/app/themes/sage/vendor/illuminate/view/View.php(125): Illuminate\View\View->getContents()
#3 /Users/ivaylosholekov/Sites/personal/fruitaway/web/app/themes/sage/vendor/illuminate/view/View.php(90): Illuminate\View\View->renderContents()
#4 /Users/ivaylosholekov/Sites/personal/fruitaway/we in /Users/ivaylosholekov/Sites/personal/fruitaway/web/app/uploads/cache/c0d40266e5687745d60860a9e2e1eda251fb7bb8.php on line 33

2019-07-19T14:47:59+00:00 CRITICAL Uncaught Symfony\Component\Debug\Exception\FatalThrowableError: syntax error, unexpected '@' in /Users/ivaylosholekov/Sites/personal/fruitaway/web/app/uploads/cache/c0d40266e5687745d60860a9e2e1eda251fb7bb8.php:24
Stack trace:
#0 /Users/ivaylosholekov/Sites/personal/fruitaway/web/app/themes/sage/vendor/illuminate/view/Engines/CompilerEngine.php(59): Illuminate\View\Engines\PhpEngine->evaluatePath('/Users/ivaylosh...', Array)
#1 /Users/ivaylosholekov/Sites/personal/fruitaway/web/app/themes/sage/vendor/illuminate/view/View.php(142): Illuminate\View\Engines\CompilerEngine->get('/Users/ivaylosh...', Array)
#2 /Users/ivaylosholekov/Sites/personal/fruitaway/web/app/themes/sage/vendor/illuminate/view/View.php(125): Illuminate\View\View->getContents()
#3 /Users/ivaylosholekov/Sites/personal/fruitaway/web/app/themes/sage/vendor/illuminate/view/View.php(90): Illuminate\View\View->renderContents()
#4 /Users/ivaylosholekov/Sites/personal/fruitaway/web/app/uploads/cache/4ebb59d2bf34d2b33aca666a9fe7ffb22106feee.php(22): Ill in /Users/ivaylosholekov/Sites/personal/fruitaway/web/app/uploads/cache/c0d40266e5687745d60860a9e2e1eda251fb7bb8.php on line 24

2019-07-19T15:11:26+00:00 CRITICAL syntax error, unexpected '}' in /Users/ivaylosholekov/Sites/personal/fruitaway/web/app/themes/sage/app/filters.php on line 220

2019-07-19T15:13:31+00:00 CRITICAL Uncaught Symfony\Component\Debug\Exception\FatalThrowableError: Call to undefined method WC_Product_Variable::product_type() in /Users/ivaylosholekov/Sites/personal/fruitaway/web/app/themes/sage/app/filters.php:198
Stack trace:
#0 /Users/ivaylosholekov/Sites/personal/fruitaway/web/wp/wp-includes/class-wp-hook.php(288): App\{closure}('Select options')
#1 /Users/ivaylosholekov/Sites/personal/fruitaway/web/wp/wp-includes/plugin.php(208): WP_Hook->apply_filters('Select options', Array)
#2 /Users/ivaylosholekov/Sites/personal/fruitaway/web/app/plugins/woocommerce/includes/class-wc-product-variable.php(60): apply_filters('woocommerce_pro...', 'Select options', Object(WC_Product_Variable))
#3 /Users/ivaylosholekov/Sites/personal/fruitaway/web/app/plugins/woocommerce/templates/loop/add-to-cart.php(30): WC_Product_Variable->add_to_cart_text()
#4 /Users/ivaylosholekov/Sites/personal/fruitaway/web/app/plugins/woocommerce/includes/wc-core-functions.php(249): include('/Users/ivaylosh...')
#5 /Users/ivaylosholekov/Sites/pe in /Users/ivaylosholekov/Sites/personal/fruitaway/web/app/themes/sage/app/filters.php on line 198

2019-07-19T15:13:36+00:00 CRITICAL Uncaught Symfony\Component\Debug\Exception\FatalThrowableError: Call to undefined method WC_Product_Variable::product_type() in /Users/ivaylosholekov/Sites/personal/fruitaway/web/app/themes/sage/app/filters.php:198
Stack trace:
#0 /Users/ivaylosholekov/Sites/personal/fruitaway/web/wp/wp-includes/class-wp-hook.php(288): App\{closure}('Select options')
#1 /Users/ivaylosholekov/Sites/personal/fruitaway/web/wp/wp-includes/plugin.php(208): WP_Hook->apply_filters('Select options', Array)
#2 /Users/ivaylosholekov/Sites/personal/fruitaway/web/app/plugins/woocommerce/includes/class-wc-product-variable.php(60): apply_filters('woocommerce_pro...', 'Select options', Object(WC_Product_Variable))
#3 /Users/ivaylosholekov/Sites/personal/fruitaway/web/app/plugins/woocommerce/templates/loop/add-to-cart.php(30): WC_Product_Variable->add_to_cart_text()
#4 /Users/ivaylosholekov/Sites/personal/fruitaway/web/app/plugins/woocommerce/includes/wc-core-functions.php(249): include('/Users/ivaylosh...')
#5 /Users/ivaylosholekov/Sites/pe in /Users/ivaylosholekov/Sites/personal/fruitaway/web/app/themes/sage/app/filters.php on line 198

2019-07-19T15:13:38+00:00 CRITICAL Uncaught Symfony\Component\Debug\Exception\FatalThrowableError: Call to undefined method WC_Product_Variable::product_type() in /Users/ivaylosholekov/Sites/personal/fruitaway/web/app/themes/sage/app/filters.php:198
Stack trace:
#0 /Users/ivaylosholekov/Sites/personal/fruitaway/web/wp/wp-includes/class-wp-hook.php(288): App\{closure}('Select options')
#1 /Users/ivaylosholekov/Sites/personal/fruitaway/web/wp/wp-includes/plugin.php(208): WP_Hook->apply_filters('Select options', Array)
#2 /Users/ivaylosholekov/Sites/personal/fruitaway/web/app/plugins/woocommerce/includes/class-wc-product-variable.php(60): apply_filters('woocommerce_pro...', 'Select options', Object(WC_Product_Variable))
#3 /Users/ivaylosholekov/Sites/personal/fruitaway/web/app/plugins/woocommerce/templates/loop/add-to-cart.php(30): WC_Product_Variable->add_to_cart_text()
#4 /Users/ivaylosholekov/Sites/personal/fruitaway/web/app/plugins/woocommerce/includes/wc-core-functions.php(249): include('/Users/ivaylosh...')
#5 /Users/ivaylosholekov/Sites/pe in /Users/ivaylosholekov/Sites/personal/fruitaway/web/app/themes/sage/app/filters.php on line 198

2019-07-19T15:15:31+00:00 CRITICAL Uncaught Symfony\Component\Debug\Exception\FatalThrowableError: syntax error, unexpected end of file in /Users/ivaylosholekov/Sites/personal/fruitaway/web/app/themes/sage/resources/views/woocommerce/loop/add-to-cart.php:34
Stack trace:
#0 /Users/ivaylosholekov/Sites/personal/fruitaway/web/app/themes/sage/vendor/illuminate/view/Engines/PhpEngine.php(21): Illuminate\View\Engines\PhpEngine->evaluatePath('/Users/ivaylosh...', Array)
#1 /Users/ivaylosholekov/Sites/personal/fruitaway/web/app/themes/sage/vendor/illuminate/view/View.php(142): Illuminate\View\Engines\PhpEngine->get('/Users/ivaylosh...', Array)
#2 /Users/ivaylosholekov/Sites/personal/fruitaway/web/app/themes/sage/vendor/illuminate/view/View.php(125): Illuminate\View\View->getContents()
#3 /Users/ivaylosholekov/Sites/personal/fruitaway/web/app/themes/sage/vendor/illuminate/view/View.php(90): Illuminate\View\View->renderContents()
#4 /Users/ivaylosholekov/Sites/personal/fruitaway/web/app/themes/sage/vendor/roots/sage-lib/Template/Blade.php(58): Illuminat in /Users/ivaylosholekov/Sites/personal/fruitaway/web/app/themes/sage/resources/views/woocommerce/loop/add-to-cart.php on line 34

2019-07-19T15:15:32+00:00 CRITICAL Uncaught Symfony\Component\Debug\Exception\FatalThrowableError: syntax error, unexpected end of file in /Users/ivaylosholekov/Sites/personal/fruitaway/web/app/themes/sage/resources/views/woocommerce/loop/add-to-cart.php:34
Stack trace:
#0 /Users/ivaylosholekov/Sites/personal/fruitaway/web/app/themes/sage/vendor/illuminate/view/Engines/PhpEngine.php(21): Illuminate\View\Engines\PhpEngine->evaluatePath('/Users/ivaylosh...', Array)
#1 /Users/ivaylosholekov/Sites/personal/fruitaway/web/app/themes/sage/vendor/illuminate/view/View.php(142): Illuminate\View\Engines\PhpEngine->get('/Users/ivaylosh...', Array)
#2 /Users/ivaylosholekov/Sites/personal/fruitaway/web/app/themes/sage/vendor/illuminate/view/View.php(125): Illuminate\View\View->getContents()
#3 /Users/ivaylosholekov/Sites/personal/fruitaway/web/app/themes/sage/vendor/illuminate/view/View.php(90): Illuminate\View\View->renderContents()
#4 /Users/ivaylosholekov/Sites/personal/fruitaway/web/app/themes/sage/vendor/roots/sage-lib/Template/Blade.php(58): Illuminat in /Users/ivaylosholekov/Sites/personal/fruitaway/web/app/themes/sage/resources/views/woocommerce/loop/add-to-cart.php on line 34

2019-07-19T15:15:33+00:00 CRITICAL Uncaught Symfony\Component\Debug\Exception\FatalThrowableError: syntax error, unexpected end of file in /Users/ivaylosholekov/Sites/personal/fruitaway/web/app/themes/sage/resources/views/woocommerce/loop/add-to-cart.php:34
Stack trace:
#0 /Users/ivaylosholekov/Sites/personal/fruitaway/web/app/themes/sage/vendor/illuminate/view/Engines/PhpEngine.php(21): Illuminate\View\Engines\PhpEngine->evaluatePath('/Users/ivaylosh...', Array)
#1 /Users/ivaylosholekov/Sites/personal/fruitaway/web/app/themes/sage/vendor/illuminate/view/View.php(142): Illuminate\View\Engines\PhpEngine->get('/Users/ivaylosh...', Array)
#2 /Users/ivaylosholekov/Sites/personal/fruitaway/web/app/themes/sage/vendor/illuminate/view/View.php(125): Illuminate\View\View->getContents()
#3 /Users/ivaylosholekov/Sites/personal/fruitaway/web/app/themes/sage/vendor/illuminate/view/View.php(90): Illuminate\View\View->renderContents()
#4 /Users/ivaylosholekov/Sites/personal/fruitaway/web/app/themes/sage/vendor/roots/sage-lib/Template/Blade.php(58): Illuminat in /Users/ivaylosholekov/Sites/personal/fruitaway/web/app/themes/sage/resources/views/woocommerce/loop/add-to-cart.php on line 34

2019-07-19T15:20:17+00:00 CRITICAL Uncaught Symfony\Component\Debug\Exception\FatalThrowableError: Call to undefined method WC_Product_Simple::product_type() in /Users/ivaylosholekov/Sites/personal/fruitaway/web/app/themes/sage/app/filters.php:198
Stack trace:
#0 /Users/ivaylosholekov/Sites/personal/fruitaway/web/wp/wp-includes/class-wp-hook.php(288): App\{closure}('Add to cart')
#1 /Users/ivaylosholekov/Sites/personal/fruitaway/web/wp/wp-includes/plugin.php(208): WP_Hook->apply_filters('Add to cart', Array)
#2 /Users/ivaylosholekov/Sites/personal/fruitaway/web/app/plugins/woocommerce/includes/class-wc-product-simple.php(55): apply_filters('woocommerce_pro...', 'Add to cart', Object(WC_Product_Simple))
#3 /Users/ivaylosholekov/Sites/personal/fruitaway/web/app/themes/sage/resources/views/woocommerce/loop/add-to-cart.php(30): WC_Product_Simple->add_to_cart_text()
#4 /Users/ivaylosholekov/Sites/personal/fruitaway/web/app/themes/sage/vendor/illuminate/view/Engines/PhpEngine.php(43): include('/Users/ivaylosh...')
#5 /Users/ivaylosholekov/Sites/pers in /Users/ivaylosholekov/Sites/personal/fruitaway/web/app/themes/sage/app/filters.php on line 198

2019-07-19T15:21:44+00:00 CRITICAL Uncaught Symfony\Component\Debug\Exception\FatalThrowableError: syntax error, unexpected '<', expecting elseif (T_ELSEIF) or else (T_ELSE) or endif (T_ENDIF) in /Users/ivaylosholekov/Sites/personal/fruitaway/web/app/uploads/cache/c0d40266e5687745d60860a9e2e1eda251fb7bb8.php:24
Stack trace:
#0 /Users/ivaylosholekov/Sites/personal/fruitaway/web/app/themes/sage/vendor/illuminate/view/Engines/CompilerEngine.php(59): Illuminate\View\Engines\PhpEngine->evaluatePath('/Users/ivaylosh...', Array)
#1 /Users/ivaylosholekov/Sites/personal/fruitaway/web/app/themes/sage/vendor/illuminate/view/View.php(142): Illuminate\View\Engines\CompilerEngine->get('/Users/ivaylosh...', Array)
#2 /Users/ivaylosholekov/Sites/personal/fruitaway/web/app/themes/sage/vendor/illuminate/view/View.php(125): Illuminate\View\View->getContents()
#3 /Users/ivaylosholekov/Sites/personal/fruitaway/web/app/themes/sage/vendor/illuminate/view/View.php(90): Illuminate\View\View->renderContents()
#4 /Users/ivaylosholekov/Sites/personal/fruitaway/web/app/up in /Users/ivaylosholekov/Sites/personal/fruitaway/web/app/uploads/cache/c0d40266e5687745d60860a9e2e1eda251fb7bb8.php on line 24

2019-07-19T15:21:46+00:00 CRITICAL Uncaught Symfony\Component\Debug\Exception\FatalThrowableError: syntax error, unexpected '<', expecting elseif (T_ELSEIF) or else (T_ELSE) or endif (T_ENDIF) in /Users/ivaylosholekov/Sites/personal/fruitaway/web/app/uploads/cache/c0d40266e5687745d60860a9e2e1eda251fb7bb8.php:24
Stack trace:
#0 /Users/ivaylosholekov/Sites/personal/fruitaway/web/app/themes/sage/vendor/illuminate/view/Engines/CompilerEngine.php(59): Illuminate\View\Engines\PhpEngine->evaluatePath('/Users/ivaylosh...', Array)
#1 /Users/ivaylosholekov/Sites/personal/fruitaway/web/app/themes/sage/vendor/illuminate/view/View.php(142): Illuminate\View\Engines\CompilerEngine->get('/Users/ivaylosh...', Array)
#2 /Users/ivaylosholekov/Sites/personal/fruitaway/web/app/themes/sage/vendor/illuminate/view/View.php(125): Illuminate\View\View->getContents()
#3 /Users/ivaylosholekov/Sites/personal/fruitaway/web/app/themes/sage/vendor/illuminate/view/View.php(90): Illuminate\View\View->renderContents()
#4 /Users/ivaylosholekov/Sites/personal/fruitaway/web/app/up in /Users/ivaylosholekov/Sites/personal/fruitaway/web/app/uploads/cache/c0d40266e5687745d60860a9e2e1eda251fb7bb8.php on line 24

2019-07-19T19:03:59+00:00 CRITICAL syntax error, unexpected ')' in /Users/ivaylosholekov/Sites/personal/fruitaway/web/app/themes/sage/app/filters.php on line 184

2019-07-19T19:04:01+00:00 CRITICAL syntax error, unexpected ')' in /Users/ivaylosholekov/Sites/personal/fruitaway/web/app/themes/sage/app/filters.php on line 184

2019-07-19T19:04:01+00:00 CRITICAL syntax error, unexpected ')' in /Users/ivaylosholekov/Sites/personal/fruitaway/web/app/themes/sage/app/filters.php on line 184

2019-07-19T19:04:19+00:00 CRITICAL Uncaught Error: Class 'App\WC_Product_Factory' not found in /Users/ivaylosholekov/Sites/personal/fruitaway/web/app/themes/sage/app/filters.php:196
Stack trace:
#0 /Users/ivaylosholekov/Sites/personal/fruitaway/web/wp/wp-includes/class-wp-hook.php(288): App\{closure}('')
#1 /Users/ivaylosholekov/Sites/personal/fruitaway/web/wp/wp-includes/plugin.php(208): WP_Hook->apply_filters('', Array)
#2 /Users/ivaylosholekov/Sites/personal/fruitaway/web/app/plugins/woocommerce/includes/class-wc-form-handler.php(755): apply_filters('woocommerce_add...', '', Object(WC_Product_Variable))
#3 /Users/ivaylosholekov/Sites/personal/fruitaway/web/wp/wp-includes/class-wp-hook.php(286): WC_Form_Handler::add_to_cart_action('')
#4 /Users/ivaylosholekov/Sites/personal/fruitaway/web/wp/wp-includes/class-wp-hook.php(310): WP_Hook->apply_filters(NULL, Array)
#5 /Users/ivaylosholekov/Sites/personal/fruitaway/web/wp/wp-includes/plugin.php(465): WP_Hook->do_action(Array)
#6 /Users/ivaylosholekov/Sites/personal/fruitaway/web/wp/wp-settings.ph in /Users/ivaylosholekov/Sites/personal/fruitaway/web/app/themes/sage/app/filters.php on line 196

2019-07-19T19:25:30+00:00 CRITICAL Uncaught Error: Call to a member function get_tax_class() on null in /Users/ivaylosholekov/Sites/personal/fruitaway/web/app/plugins/woocommerce/includes/class-wc-cart-totals.php:231
Stack trace:
#0 /Users/ivaylosholekov/Sites/personal/fruitaway/web/app/plugins/woocommerce/includes/class-wc-cart-totals.php(648): WC_Cart_Totals->get_items_from_cart()
#1 /Users/ivaylosholekov/Sites/personal/fruitaway/web/app/plugins/woocommerce/includes/class-wc-cart-totals.php(140): WC_Cart_Totals->calculate_item_totals()
#2 /Users/ivaylosholekov/Sites/personal/fruitaway/web/app/plugins/woocommerce/includes/class-wc-cart-totals.php(131): WC_Cart_Totals->calculate()
#3 /Users/ivaylosholekov/Sites/personal/fruitaway/web/app/plugins/woocommerce/includes/class-wc-cart.php(1215): WC_Cart_Totals->__construct(Object(WC_Cart))
#4 /Users/ivaylosholekov/Sites/personal/fruitaway/web/app/plugins/woocommerce/includes/class-wc-cart.php(1184): WC_Cart->calculate_totals()
#5 /Users/ivaylosholekov/Sites/personal/fruitaway/web/app/mu-plugins/woo in /Users/ivaylosholekov/Sites/personal/fruitaway/web/app/plugins/woocommerce/includes/class-wc-cart-totals.php on line 231

2019-07-19T19:25:30+00:00 CRITICAL Uncaught Error: Call to a member function get_tax_class() on null in /Users/ivaylosholekov/Sites/personal/fruitaway/web/app/plugins/woocommerce/includes/class-wc-cart-totals.php:231
Stack trace:
#0 /Users/ivaylosholekov/Sites/personal/fruitaway/web/app/plugins/woocommerce/includes/class-wc-cart-totals.php(648): WC_Cart_Totals->get_items_from_cart()
#1 /Users/ivaylosholekov/Sites/personal/fruitaway/web/app/plugins/woocommerce/includes/class-wc-cart-totals.php(140): WC_Cart_Totals->calculate_item_totals()
#2 /Users/ivaylosholekov/Sites/personal/fruitaway/web/app/plugins/woocommerce/includes/class-wc-cart-totals.php(131): WC_Cart_Totals->calculate()
#3 /Users/ivaylosholekov/Sites/personal/fruitaway/web/app/plugins/woocommerce/includes/class-wc-cart.php(1215): WC_Cart_Totals->__construct(Object(WC_Cart))
#4 /Users/ivaylosholekov/Sites/personal/fruitaway/web/app/plugins/woocommerce/includes/class-wc-cart.php(1184): WC_Cart->calculate_totals()
#5 /Users/ivaylosholekov/Sites/personal/fruitaway/web/app/mu-plugins/woo in /Users/ivaylosholekov/Sites/personal/fruitaway/web/app/plugins/woocommerce/includes/class-wc-cart-totals.php on line 231

2019-07-19T19:25:30+00:00 CRITICAL Uncaught Error: Call to a member function get_tax_class() on null in /Users/ivaylosholekov/Sites/personal/fruitaway/web/app/plugins/woocommerce/includes/class-wc-cart-totals.php:231
Stack trace:
#0 /Users/ivaylosholekov/Sites/personal/fruitaway/web/app/plugins/woocommerce/includes/class-wc-cart-totals.php(648): WC_Cart_Totals->get_items_from_cart()
#1 /Users/ivaylosholekov/Sites/personal/fruitaway/web/app/plugins/woocommerce/includes/class-wc-cart-totals.php(140): WC_Cart_Totals->calculate_item_totals()
#2 /Users/ivaylosholekov/Sites/personal/fruitaway/web/app/plugins/woocommerce/includes/class-wc-cart-totals.php(131): WC_Cart_Totals->calculate()
#3 /Users/ivaylosholekov/Sites/personal/fruitaway/web/app/plugins/woocommerce/includes/class-wc-cart.php(1215): WC_Cart_Totals->__construct(Object(WC_Cart))
#4 /Users/ivaylosholekov/Sites/personal/fruitaway/web/app/plugins/woocommerce/includes/class-wc-cart.php(1184): WC_Cart->calculate_totals()
#5 /Users/ivaylosholekov/Sites/personal/fruitaway/web/app/mu-plugins/woo in /Users/ivaylosholekov/Sites/personal/fruitaway/web/app/plugins/woocommerce/includes/class-wc-cart-totals.php on line 231

2019-07-19T19:25:33+00:00 CRITICAL Uncaught Error: Call to a member function get_tax_class() on null in /Users/ivaylosholekov/Sites/personal/fruitaway/web/app/plugins/woocommerce/includes/class-wc-cart-totals.php:231
Stack trace:
#0 /Users/ivaylosholekov/Sites/personal/fruitaway/web/app/plugins/woocommerce/includes/class-wc-cart-totals.php(648): WC_Cart_Totals->get_items_from_cart()
#1 /Users/ivaylosholekov/Sites/personal/fruitaway/web/app/plugins/woocommerce/includes/class-wc-cart-totals.php(140): WC_Cart_Totals->calculate_item_totals()
#2 /Users/ivaylosholekov/Sites/personal/fruitaway/web/app/plugins/woocommerce/includes/class-wc-cart-totals.php(131): WC_Cart_Totals->calculate()
#3 /Users/ivaylosholekov/Sites/personal/fruitaway/web/app/plugins/woocommerce/includes/class-wc-cart.php(1215): WC_Cart_Totals->__construct(Object(WC_Cart))
#4 /Users/ivaylosholekov/Sites/personal/fruitaway/web/app/plugins/woocommerce/includes/class-wc-cart.php(1184): WC_Cart->calculate_totals()
#5 /Users/ivaylosholekov/Sites/personal/fruitaway/web/app/mu-plugins/woo in /Users/ivaylosholekov/Sites/personal/fruitaway/web/app/plugins/woocommerce/includes/class-wc-cart-totals.php on line 231

2019-07-19T19:26:57+00:00 CRITICAL Uncaught Error: Call to a member function get_tax_class() on null in /Users/ivaylosholekov/Sites/personal/fruitaway/web/app/plugins/woocommerce/includes/class-wc-cart-totals.php:231
Stack trace:
#0 /Users/ivaylosholekov/Sites/personal/fruitaway/web/app/plugins/woocommerce/includes/class-wc-cart-totals.php(648): WC_Cart_Totals->get_items_from_cart()
#1 /Users/ivaylosholekov/Sites/personal/fruitaway/web/app/plugins/woocommerce/includes/class-wc-cart-totals.php(140): WC_Cart_Totals->calculate_item_totals()
#2 /Users/ivaylosholekov/Sites/personal/fruitaway/web/app/plugins/woocommerce/includes/class-wc-cart-totals.php(131): WC_Cart_Totals->calculate()
#3 /Users/ivaylosholekov/Sites/personal/fruitaway/web/app/plugins/woocommerce/includes/class-wc-cart.php(1215): WC_Cart_Totals->__construct(Object(WC_Cart))
#4 /Users/ivaylosholekov/Sites/personal/fruitaway/web/app/plugins/woocommerce/includes/class-wc-cart.php(1184): WC_Cart->calculate_totals()
#5 /Users/ivaylosholekov/Sites/personal/fruitaway/web/app/mu-plugins/woo in /Users/ivaylosholekov/Sites/personal/fruitaway/web/app/plugins/woocommerce/includes/class-wc-cart-totals.php on line 231

