2019-07-23T09:05:09+00:00 CRITICAL Uncaught Symfony\Component\Debug\Exception\FatalThrowableError: syntax error, unexpected ')' in /Users/ivaylosholekov/Sites/personal/fruitaway/web/app/uploads/cache/4efd2544ba4df4718f2ab76521c2d313bbfdf54b.php:17
Stack trace:
#0 /Users/ivaylosholekov/Sites/personal/fruitaway/web/app/themes/sage/vendor/illuminate/view/Engines/CompilerEngine.php(59): Illuminate\View\Engines\PhpEngine->evaluatePath('/Users/ivaylosh...', Array)
#1 /Users/ivaylosholekov/Sites/personal/fruitaway/web/app/themes/sage/vendor/illuminate/view/View.php(142): Illuminate\View\Engines\CompilerEngine->get('/Users/ivaylosh...', Array)
#2 /Users/ivaylosholekov/Sites/personal/fruitaway/web/app/themes/sage/vendor/illuminate/view/View.php(125): Illuminate\View\View->getContents()
#3 /Users/ivaylosholekov/Sites/personal/fruitaway/web/app/themes/sage/vendor/illuminate/view/View.php(90): Illuminate\View\View->renderContents()
#4 /Users/ivaylosholekov/Sites/personal/fruitaway/web/app/uploads/cache/c0d40266e5687745d60860a9e2e1eda251fb7bb8.php(6): Illu in /Users/ivaylosholekov/Sites/personal/fruitaway/web/app/uploads/cache/4efd2544ba4df4718f2ab76521c2d313bbfdf54b.php on line 17

2019-07-23T09:05:15+00:00 CRITICAL Uncaught Symfony\Component\Debug\Exception\FatalThrowableError: syntax error, unexpected end of file, expecting elseif (T_ELSEIF) or else (T_ELSE) or endif (T_ENDIF) in /Users/ivaylosholekov/Sites/personal/fruitaway/web/app/uploads/cache/4efd2544ba4df4718f2ab76521c2d313bbfdf54b.php:43
Stack trace:
#0 /Users/ivaylosholekov/Sites/personal/fruitaway/web/app/themes/sage/vendor/illuminate/view/Engines/CompilerEngine.php(59): Illuminate\View\Engines\PhpEngine->evaluatePath('/Users/ivaylosh...', Array)
#1 /Users/ivaylosholekov/Sites/personal/fruitaway/web/app/themes/sage/vendor/illuminate/view/View.php(142): Illuminate\View\Engines\CompilerEngine->get('/Users/ivaylosh...', Array)
#2 /Users/ivaylosholekov/Sites/personal/fruitaway/web/app/themes/sage/vendor/illuminate/view/View.php(125): Illuminate\View\View->getContents()
#3 /Users/ivaylosholekov/Sites/personal/fruitaway/web/app/themes/sage/vendor/illuminate/view/View.php(90): Illuminate\View\View->renderContents()
#4 /Users/ivaylosholekov/Sites/personal/fruitaway/we in /Users/ivaylosholekov/Sites/personal/fruitaway/web/app/uploads/cache/4efd2544ba4df4718f2ab76521c2d313bbfdf54b.php on line 43

2019-07-23T10:04:08+00:00 CRITICAL Uncaught Symfony\Component\Debug\Exception\FatalThrowableError: Call to undefined function custom_wc_cart_totals_coupon_html() in /Users/ivaylosholekov/Sites/personal/fruitaway/web/app/themes/sage/resources/views/woocommerce/checkout/review-order.php:127
Stack trace:
#0 /Users/ivaylosholekov/Sites/personal/fruitaway/web/app/themes/sage/vendor/illuminate/view/Engines/PhpEngine.php(43): include()
#1 /Users/ivaylosholekov/Sites/personal/fruitaway/web/app/themes/sage/vendor/illuminate/view/Engines/PhpEngine.php(21): Illuminate\View\Engines\PhpEngine->evaluatePath('/Users/ivaylosh...', Array)
#2 /Users/ivaylosholekov/Sites/personal/fruitaway/web/app/themes/sage/vendor/illuminate/view/View.php(142): Illuminate\View\Engines\PhpEngine->get('/Users/ivaylosh...', Array)
#3 /Users/ivaylosholekov/Sites/personal/fruitaway/web/app/themes/sage/vendor/illuminate/view/View.php(125): Illuminate\View\View->getContents()
#4 /Users/ivaylosholekov/Sites/personal/fruitaway/web/app/themes/sage/vendor/illuminate/view/View.php(90): Il in /Users/ivaylosholekov/Sites/personal/fruitaway/web/app/themes/sage/resources/views/woocommerce/checkout/review-order.php on line 127

2019-07-23T10:06:20+00:00 CRITICAL Uncaught Symfony\Component\Debug\Exception\FatalThrowableError: Call to undefined function custom_wc_cart_totals_coupon_html() in /Users/ivaylosholekov/Sites/personal/fruitaway/web/app/themes/sage/resources/views/woocommerce/checkout/review-order.php:127
Stack trace:
#0 /Users/ivaylosholekov/Sites/personal/fruitaway/web/app/themes/sage/vendor/illuminate/view/Engines/PhpEngine.php(43): include()
#1 /Users/ivaylosholekov/Sites/personal/fruitaway/web/app/themes/sage/vendor/illuminate/view/Engines/PhpEngine.php(21): Illuminate\View\Engines\PhpEngine->evaluatePath('/Users/ivaylosh...', Array)
#2 /Users/ivaylosholekov/Sites/personal/fruitaway/web/app/themes/sage/vendor/illuminate/view/View.php(142): Illuminate\View\Engines\PhpEngine->get('/Users/ivaylosh...', Array)
#3 /Users/ivaylosholekov/Sites/personal/fruitaway/web/app/themes/sage/vendor/illuminate/view/View.php(125): Illuminate\View\View->getContents()
#4 /Users/ivaylosholekov/Sites/personal/fruitaway/web/app/themes/sage/vendor/illuminate/view/View.php(90): Il in /Users/ivaylosholekov/Sites/personal/fruitaway/web/app/themes/sage/resources/views/woocommerce/checkout/review-order.php on line 127

2019-07-23T10:07:20+00:00 CRITICAL Uncaught Symfony\Component\Debug\Exception\FatalThrowableError: Call to undefined function custom_wc_cart_totals_coupon_html() in /Users/ivaylosholekov/Sites/personal/fruitaway/web/app/themes/sage/resources/views/woocommerce/checkout/review-order.php:127
Stack trace:
#0 /Users/ivaylosholekov/Sites/personal/fruitaway/web/app/themes/sage/vendor/illuminate/view/Engines/PhpEngine.php(43): include()
#1 /Users/ivaylosholekov/Sites/personal/fruitaway/web/app/themes/sage/vendor/illuminate/view/Engines/PhpEngine.php(21): Illuminate\View\Engines\PhpEngine->evaluatePath('/Users/ivaylosh...', Array)
#2 /Users/ivaylosholekov/Sites/personal/fruitaway/web/app/themes/sage/vendor/illuminate/view/View.php(142): Illuminate\View\Engines\PhpEngine->get('/Users/ivaylosh...', Array)
#3 /Users/ivaylosholekov/Sites/personal/fruitaway/web/app/themes/sage/vendor/illuminate/view/View.php(125): Illuminate\View\View->getContents()
#4 /Users/ivaylosholekov/Sites/personal/fruitaway/web/app/themes/sage/vendor/illuminate/view/View.php(90): Il in /Users/ivaylosholekov/Sites/personal/fruitaway/web/app/themes/sage/resources/views/woocommerce/checkout/review-order.php on line 127

2019-07-23T10:07:46+00:00 CRITICAL Uncaught Symfony\Component\Debug\Exception\FatalThrowableError: Call to undefined function custom_wc_cart_totals_coupon_html() in /Users/ivaylosholekov/Sites/personal/fruitaway/web/app/themes/sage/resources/views/woocommerce/checkout/review-order.php:127
Stack trace:
#0 /Users/ivaylosholekov/Sites/personal/fruitaway/web/app/themes/sage/vendor/illuminate/view/Engines/PhpEngine.php(43): include()
#1 /Users/ivaylosholekov/Sites/personal/fruitaway/web/app/themes/sage/vendor/illuminate/view/Engines/PhpEngine.php(21): Illuminate\View\Engines\PhpEngine->evaluatePath('/Users/ivaylosh...', Array)
#2 /Users/ivaylosholekov/Sites/personal/fruitaway/web/app/themes/sage/vendor/illuminate/view/View.php(142): Illuminate\View\Engines\PhpEngine->get('/Users/ivaylosh...', Array)
#3 /Users/ivaylosholekov/Sites/personal/fruitaway/web/app/themes/sage/vendor/illuminate/view/View.php(125): Illuminate\View\View->getContents()
#4 /Users/ivaylosholekov/Sites/personal/fruitaway/web/app/themes/sage/vendor/illuminate/view/View.php(90): Il in /Users/ivaylosholekov/Sites/personal/fruitaway/web/app/themes/sage/resources/views/woocommerce/checkout/review-order.php on line 127

2019-07-23T10:07:54+00:00 CRITICAL Uncaught Symfony\Component\Debug\Exception\FatalThrowableError: Call to undefined function custom_wc_cart_totals_coupon_html() in /Users/ivaylosholekov/Sites/personal/fruitaway/web/app/themes/sage/resources/views/woocommerce/checkout/review-order.php:127
Stack trace:
#0 /Users/ivaylosholekov/Sites/personal/fruitaway/web/app/themes/sage/vendor/illuminate/view/Engines/PhpEngine.php(43): include()
#1 /Users/ivaylosholekov/Sites/personal/fruitaway/web/app/themes/sage/vendor/illuminate/view/Engines/PhpEngine.php(21): Illuminate\View\Engines\PhpEngine->evaluatePath('/Users/ivaylosh...', Array)
#2 /Users/ivaylosholekov/Sites/personal/fruitaway/web/app/themes/sage/vendor/illuminate/view/View.php(142): Illuminate\View\Engines\PhpEngine->get('/Users/ivaylosh...', Array)
#3 /Users/ivaylosholekov/Sites/personal/fruitaway/web/app/themes/sage/vendor/illuminate/view/View.php(125): Illuminate\View\View->getContents()
#4 /Users/ivaylosholekov/Sites/personal/fruitaway/web/app/themes/sage/vendor/illuminate/view/View.php(90): Il in /Users/ivaylosholekov/Sites/personal/fruitaway/web/app/themes/sage/resources/views/woocommerce/checkout/review-order.php on line 127

2019-07-23T10:08:01+00:00 CRITICAL Uncaught Symfony\Component\Debug\Exception\FatalThrowableError: Call to undefined function custom_wc_cart_totals_coupon_html() in /Users/ivaylosholekov/Sites/personal/fruitaway/web/app/themes/sage/resources/views/woocommerce/checkout/review-order.php:127
Stack trace:
#0 /Users/ivaylosholekov/Sites/personal/fruitaway/web/app/themes/sage/vendor/illuminate/view/Engines/PhpEngine.php(43): include()
#1 /Users/ivaylosholekov/Sites/personal/fruitaway/web/app/themes/sage/vendor/illuminate/view/Engines/PhpEngine.php(21): Illuminate\View\Engines\PhpEngine->evaluatePath('/Users/ivaylosh...', Array)
#2 /Users/ivaylosholekov/Sites/personal/fruitaway/web/app/themes/sage/vendor/illuminate/view/View.php(142): Illuminate\View\Engines\PhpEngine->get('/Users/ivaylosh...', Array)
#3 /Users/ivaylosholekov/Sites/personal/fruitaway/web/app/themes/sage/vendor/illuminate/view/View.php(125): Illuminate\View\View->getContents()
#4 /Users/ivaylosholekov/Sites/personal/fruitaway/web/app/themes/sage/vendor/illuminate/view/View.php(90): Il in /Users/ivaylosholekov/Sites/personal/fruitaway/web/app/themes/sage/resources/views/woocommerce/checkout/review-order.php on line 127

2019-07-23T10:08:02+00:00 CRITICAL Uncaught Symfony\Component\Debug\Exception\FatalThrowableError: Call to undefined function custom_wc_cart_totals_coupon_html() in /Users/ivaylosholekov/Sites/personal/fruitaway/web/app/themes/sage/resources/views/woocommerce/checkout/review-order.php:127
Stack trace:
#0 /Users/ivaylosholekov/Sites/personal/fruitaway/web/app/themes/sage/vendor/illuminate/view/Engines/PhpEngine.php(43): include()
#1 /Users/ivaylosholekov/Sites/personal/fruitaway/web/app/themes/sage/vendor/illuminate/view/Engines/PhpEngine.php(21): Illuminate\View\Engines\PhpEngine->evaluatePath('/Users/ivaylosh...', Array)
#2 /Users/ivaylosholekov/Sites/personal/fruitaway/web/app/themes/sage/vendor/illuminate/view/View.php(142): Illuminate\View\Engines\PhpEngine->get('/Users/ivaylosh...', Array)
#3 /Users/ivaylosholekov/Sites/personal/fruitaway/web/app/themes/sage/vendor/illuminate/view/View.php(125): Illuminate\View\View->getContents()
#4 /Users/ivaylosholekov/Sites/personal/fruitaway/web/app/themes/sage/vendor/illuminate/view/View.php(90): Il in /Users/ivaylosholekov/Sites/personal/fruitaway/web/app/themes/sage/resources/views/woocommerce/checkout/review-order.php on line 127

2019-07-23T10:08:03+00:00 CRITICAL Uncaught Symfony\Component\Debug\Exception\FatalThrowableError: Call to undefined function custom_wc_cart_totals_coupon_html() in /Users/ivaylosholekov/Sites/personal/fruitaway/web/app/themes/sage/resources/views/woocommerce/checkout/review-order.php:127
Stack trace:
#0 /Users/ivaylosholekov/Sites/personal/fruitaway/web/app/themes/sage/vendor/illuminate/view/Engines/PhpEngine.php(43): include()
#1 /Users/ivaylosholekov/Sites/personal/fruitaway/web/app/themes/sage/vendor/illuminate/view/Engines/PhpEngine.php(21): Illuminate\View\Engines\PhpEngine->evaluatePath('/Users/ivaylosh...', Array)
#2 /Users/ivaylosholekov/Sites/personal/fruitaway/web/app/themes/sage/vendor/illuminate/view/View.php(142): Illuminate\View\Engines\PhpEngine->get('/Users/ivaylosh...', Array)
#3 /Users/ivaylosholekov/Sites/personal/fruitaway/web/app/themes/sage/vendor/illuminate/view/View.php(125): Illuminate\View\View->getContents()
#4 /Users/ivaylosholekov/Sites/personal/fruitaway/web/app/themes/sage/vendor/illuminate/view/View.php(90): Il in /Users/ivaylosholekov/Sites/personal/fruitaway/web/app/themes/sage/resources/views/woocommerce/checkout/review-order.php on line 127

2019-07-23T10:08:18+00:00 CRITICAL Uncaught Symfony\Component\Debug\Exception\FatalThrowableError: Call to undefined function custom_wc_cart_totals_coupon_html() in /Users/ivaylosholekov/Sites/personal/fruitaway/web/app/themes/sage/resources/views/woocommerce/checkout/review-order.php:127
Stack trace:
#0 /Users/ivaylosholekov/Sites/personal/fruitaway/web/app/themes/sage/vendor/illuminate/view/Engines/PhpEngine.php(43): include()
#1 /Users/ivaylosholekov/Sites/personal/fruitaway/web/app/themes/sage/vendor/illuminate/view/Engines/PhpEngine.php(21): Illuminate\View\Engines\PhpEngine->evaluatePath('/Users/ivaylosh...', Array)
#2 /Users/ivaylosholekov/Sites/personal/fruitaway/web/app/themes/sage/vendor/illuminate/view/View.php(142): Illuminate\View\Engines\PhpEngine->get('/Users/ivaylosh...', Array)
#3 /Users/ivaylosholekov/Sites/personal/fruitaway/web/app/themes/sage/vendor/illuminate/view/View.php(125): Illuminate\View\View->getContents()
#4 /Users/ivaylosholekov/Sites/personal/fruitaway/web/app/themes/sage/vendor/illuminate/view/View.php(90): Il in /Users/ivaylosholekov/Sites/personal/fruitaway/web/app/themes/sage/resources/views/woocommerce/checkout/review-order.php on line 127

2019-07-23T10:20:25+00:00 CRITICAL Uncaught Symfony\Component\Debug\Exception\FatalThrowableError: Call to undefined function custom_wc_cart_totals_coupon_html() in /Users/ivaylosholekov/Sites/personal/fruitaway/web/app/themes/sage/resources/views/woocommerce/checkout/review-order.php:127
Stack trace:
#0 /Users/ivaylosholekov/Sites/personal/fruitaway/web/app/themes/sage/vendor/illuminate/view/Engines/PhpEngine.php(43): include()
#1 /Users/ivaylosholekov/Sites/personal/fruitaway/web/app/themes/sage/vendor/illuminate/view/Engines/PhpEngine.php(21): Illuminate\View\Engines\PhpEngine->evaluatePath('/Users/ivaylosh...', Array)
#2 /Users/ivaylosholekov/Sites/personal/fruitaway/web/app/themes/sage/vendor/illuminate/view/View.php(142): Illuminate\View\Engines\PhpEngine->get('/Users/ivaylosh...', Array)
#3 /Users/ivaylosholekov/Sites/personal/fruitaway/web/app/themes/sage/vendor/illuminate/view/View.php(125): Illuminate\View\View->getContents()
#4 /Users/ivaylosholekov/Sites/personal/fruitaway/web/app/themes/sage/vendor/illuminate/view/View.php(90): Il in /Users/ivaylosholekov/Sites/personal/fruitaway/web/app/themes/sage/resources/views/woocommerce/checkout/review-order.php on line 127

2019-07-23T10:29:21+00:00 CRITICAL Uncaught Error: Call to undefined method WC_Product_Variable::menu_order() in /Users/ivaylosholekov/Sites/personal/fruitaway/web/app/themes/sage/app/filters.php:198
Stack trace:
#0 /Users/ivaylosholekov/Sites/personal/fruitaway/web/wp/wp-includes/class-wp-hook.php(288): App\{closure}('')
#1 /Users/ivaylosholekov/Sites/personal/fruitaway/web/wp/wp-includes/plugin.php(208): WP_Hook->apply_filters('', Array)
#2 /Users/ivaylosholekov/Sites/personal/fruitaway/web/app/plugins/woocommerce/includes/class-wc-form-handler.php(755): apply_filters('woocommerce_add...', '', Object(WC_Product_Variable))
#3 /Users/ivaylosholekov/Sites/personal/fruitaway/web/wp/wp-includes/class-wp-hook.php(286): WC_Form_Handler::add_to_cart_action('')
#4 /Users/ivaylosholekov/Sites/personal/fruitaway/web/wp/wp-includes/class-wp-hook.php(310): WP_Hook->apply_filters(NULL, Array)
#5 /Users/ivaylosholekov/Sites/personal/fruitaway/web/wp/wp-includes/plugin.php(465): WP_Hook->do_action(Array)
#6 /Users/ivaylosholekov/Sites/personal/fruitaway/web in /Users/ivaylosholekov/Sites/personal/fruitaway/web/app/themes/sage/app/filters.php on line 198

2019-07-23T11:44:48+00:00 CRITICAL Uncaught Symfony\Component\Debug\Exception\FatalThrowableError: syntax error, unexpected ',' in /Users/ivaylosholekov/Sites/personal/fruitaway/web/app/uploads/cache/bf947b2d52c8a9cbe7c8095a37ae0d5aefcc5a81.php:127
Stack trace:
#0 /Users/ivaylosholekov/Sites/personal/fruitaway/web/app/themes/sage/vendor/illuminate/view/Engines/CompilerEngine.php(59): Illuminate\View\Engines\PhpEngine->evaluatePath('/Users/ivaylosh...', Array)
#1 /Users/ivaylosholekov/Sites/personal/fruitaway/web/app/themes/sage/vendor/illuminate/view/View.php(142): Illuminate\View\Engines\CompilerEngine->get('/Users/ivaylosh...', Array)
#2 /Users/ivaylosholekov/Sites/personal/fruitaway/web/app/themes/sage/vendor/illuminate/view/View.php(125): Illuminate\View\View->getContents()
#3 /Users/ivaylosholekov/Sites/personal/fruitaway/web/app/themes/sage/vendor/illuminate/view/View.php(90): Illuminate\View\View->renderContents()
#4 /Users/ivaylosholekov/Sites/personal/fruitaway/web/app/uploads/cache/5e7004b601e375024545a8ba6c966dd79079187c.php(51): Il in /Users/ivaylosholekov/Sites/personal/fruitaway/web/app/uploads/cache/bf947b2d52c8a9cbe7c8095a37ae0d5aefcc5a81.php on line 127

2019-07-23T16:21:09+00:00 CRITICAL Uncaught Symfony\Component\Debug\Exception\FatalThrowableError: syntax error, unexpected ')' in /Users/ivaylosholekov/Sites/personal/fruitaway/web/app/uploads/cache/7b79a592dbea610e377bb15fa787be3fe4c73d85.php:2
Stack trace:
#0 /Users/ivaylosholekov/Sites/personal/fruitaway/web/app/themes/sage/vendor/illuminate/view/Engines/CompilerEngine.php(59): Illuminate\View\Engines\PhpEngine->evaluatePath('/Users/ivaylosh...', Array)
#1 /Users/ivaylosholekov/Sites/personal/fruitaway/web/app/themes/sage/vendor/illuminate/view/View.php(142): Illuminate\View\Engines\CompilerEngine->get('/Users/ivaylosh...', Array)
#2 /Users/ivaylosholekov/Sites/personal/fruitaway/web/app/themes/sage/vendor/illuminate/view/View.php(125): Illuminate\View\View->getContents()
#3 /Users/ivaylosholekov/Sites/personal/fruitaway/web/app/themes/sage/vendor/illuminate/view/View.php(90): Illuminate\View\View->renderContents()
#4 /Users/ivaylosholekov/Sites/personal/fruitaway/web/app/uploads/cache/9d4f4d67584debda4b9000c6692fb9a0ebf44cd3.php(235): Ill in /Users/ivaylosholekov/Sites/personal/fruitaway/web/app/uploads/cache/7b79a592dbea610e377bb15fa787be3fe4c73d85.php on line 2

2019-07-23T16:21:11+00:00 CRITICAL Uncaught Symfony\Component\Debug\Exception\FatalThrowableError: syntax error, unexpected ')' in /Users/ivaylosholekov/Sites/personal/fruitaway/web/app/uploads/cache/7b79a592dbea610e377bb15fa787be3fe4c73d85.php:2
Stack trace:
#0 /Users/ivaylosholekov/Sites/personal/fruitaway/web/app/themes/sage/vendor/illuminate/view/Engines/CompilerEngine.php(59): Illuminate\View\Engines\PhpEngine->evaluatePath('/Users/ivaylosh...', Array)
#1 /Users/ivaylosholekov/Sites/personal/fruitaway/web/app/themes/sage/vendor/illuminate/view/View.php(142): Illuminate\View\Engines\CompilerEngine->get('/Users/ivaylosh...', Array)
#2 /Users/ivaylosholekov/Sites/personal/fruitaway/web/app/themes/sage/vendor/illuminate/view/View.php(125): Illuminate\View\View->getContents()
#3 /Users/ivaylosholekov/Sites/personal/fruitaway/web/app/themes/sage/vendor/illuminate/view/View.php(90): Illuminate\View\View->renderContents()
#4 /Users/ivaylosholekov/Sites/personal/fruitaway/web/app/uploads/cache/9d4f4d67584debda4b9000c6692fb9a0ebf44cd3.php(235): Ill in /Users/ivaylosholekov/Sites/personal/fruitaway/web/app/uploads/cache/7b79a592dbea610e377bb15fa787be3fe4c73d85.php on line 2

2019-07-23T16:21:14+00:00 CRITICAL Uncaught Symfony\Component\Debug\Exception\FatalThrowableError: syntax error, unexpected end of file, expecting elseif (T_ELSEIF) or else (T_ELSE) or endif (T_ENDIF) in /Users/ivaylosholekov/Sites/personal/fruitaway/web/app/uploads/cache/7b79a592dbea610e377bb15fa787be3fe4c73d85.php:74
Stack trace:
#0 /Users/ivaylosholekov/Sites/personal/fruitaway/web/app/themes/sage/vendor/illuminate/view/Engines/CompilerEngine.php(59): Illuminate\View\Engines\PhpEngine->evaluatePath('/Users/ivaylosh...', Array)
#1 /Users/ivaylosholekov/Sites/personal/fruitaway/web/app/themes/sage/vendor/illuminate/view/View.php(142): Illuminate\View\Engines\CompilerEngine->get('/Users/ivaylosh...', Array)
#2 /Users/ivaylosholekov/Sites/personal/fruitaway/web/app/themes/sage/vendor/illuminate/view/View.php(125): Illuminate\View\View->getContents()
#3 /Users/ivaylosholekov/Sites/personal/fruitaway/web/app/themes/sage/vendor/illuminate/view/View.php(90): Illuminate\View\View->renderContents()
#4 /Users/ivaylosholekov/Sites/personal/fruitaway/we in /Users/ivaylosholekov/Sites/personal/fruitaway/web/app/uploads/cache/7b79a592dbea610e377bb15fa787be3fe4c73d85.php on line 74

2019-07-23T16:21:17+00:00 CRITICAL Uncaught Symfony\Component\Debug\Exception\FatalThrowableError: syntax error, unexpected end of file, expecting elseif (T_ELSEIF) or else (T_ELSE) or endif (T_ENDIF) in /Users/ivaylosholekov/Sites/personal/fruitaway/web/app/uploads/cache/7b79a592dbea610e377bb15fa787be3fe4c73d85.php:74
Stack trace:
#0 /Users/ivaylosholekov/Sites/personal/fruitaway/web/app/themes/sage/vendor/illuminate/view/Engines/CompilerEngine.php(59): Illuminate\View\Engines\PhpEngine->evaluatePath('/Users/ivaylosh...', Array)
#1 /Users/ivaylosholekov/Sites/personal/fruitaway/web/app/themes/sage/vendor/illuminate/view/View.php(142): Illuminate\View\Engines\CompilerEngine->get('/Users/ivaylosh...', Array)
#2 /Users/ivaylosholekov/Sites/personal/fruitaway/web/app/themes/sage/vendor/illuminate/view/View.php(125): Illuminate\View\View->getContents()
#3 /Users/ivaylosholekov/Sites/personal/fruitaway/web/app/themes/sage/vendor/illuminate/view/View.php(90): Illuminate\View\View->renderContents()
#4 /Users/ivaylosholekov/Sites/personal/fruitaway/we in /Users/ivaylosholekov/Sites/personal/fruitaway/web/app/uploads/cache/7b79a592dbea610e377bb15fa787be3fe4c73d85.php on line 74

2019-07-23T16:21:18+00:00 CRITICAL Uncaught Symfony\Component\Debug\Exception\FatalThrowableError: syntax error, unexpected end of file, expecting elseif (T_ELSEIF) or else (T_ELSE) or endif (T_ENDIF) in /Users/ivaylosholekov/Sites/personal/fruitaway/web/app/uploads/cache/7b79a592dbea610e377bb15fa787be3fe4c73d85.php:74
Stack trace:
#0 /Users/ivaylosholekov/Sites/personal/fruitaway/web/app/themes/sage/vendor/illuminate/view/Engines/CompilerEngine.php(59): Illuminate\View\Engines\PhpEngine->evaluatePath('/Users/ivaylosh...', Array)
#1 /Users/ivaylosholekov/Sites/personal/fruitaway/web/app/themes/sage/vendor/illuminate/view/View.php(142): Illuminate\View\Engines\CompilerEngine->get('/Users/ivaylosh...', Array)
#2 /Users/ivaylosholekov/Sites/personal/fruitaway/web/app/themes/sage/vendor/illuminate/view/View.php(125): Illuminate\View\View->getContents()
#3 /Users/ivaylosholekov/Sites/personal/fruitaway/web/app/themes/sage/vendor/illuminate/view/View.php(90): Illuminate\View\View->renderContents()
#4 /Users/ivaylosholekov/Sites/personal/fruitaway/we in /Users/ivaylosholekov/Sites/personal/fruitaway/web/app/uploads/cache/7b79a592dbea610e377bb15fa787be3fe4c73d85.php on line 74

